44.0 APEX_CODE,FINEST;APEX_PROFILING,INFO;CALLOUT,INFO;DB,INFO;NBA,INFO;SYSTEM,DEBUG;VALIDATION,INFO;VISUALFORCE,INFO;WAVE,INFO;WORKFLOW,INFO
17:32:01.0 (144429)|USER_INFO|[EXTERNAL]|0051U000000NOIC|rperez@altimetrik.com|Hora de Argentina|GMT-03:00
17:32:01.0 (193440)|EXECUTION_STARTED
17:32:01.0 (200955)|CODE_UNIT_STARTED|[EXTERNAL]|Aura
17:32:01.0 (751401)|HEAP_ALLOCATE|[72]|Bytes:3
17:32:01.0 (822988)|HEAP_ALLOCATE|[77]|Bytes:152
17:32:01.0 (836406)|HEAP_ALLOCATE|[342]|Bytes:408
17:32:01.0 (847875)|HEAP_ALLOCATE|[355]|Bytes:408
17:32:01.0 (859328)|HEAP_ALLOCATE|[467]|Bytes:48
17:32:01.0 (885136)|HEAP_ALLOCATE|[139]|Bytes:6
17:32:01.0 (898127)|HEAP_ALLOCATE|[EXTERNAL]|Bytes:18
17:32:01.0 (947246)|HEAP_ALLOCATE|[EXTERNAL]|Bytes:4
17:32:01.0 (1699956)|CODE_UNIT_STARTED|[EXTERNAL]|01p1U000003SMyj|testCaseStepsController.getSteps(Id)
17:32:01.0 (1873519)|HEAP_ALLOCATE|[EXTERNAL]|Bytes:1
17:32:01.0 (1909210)|METHOD_ENTRY|[1]|01p1U000003SMyj|testCaseStepsController.testCaseStepsController()
17:32:01.0 (1921217)|STATEMENT_EXECUTE|[1]
17:32:01.0 (1931533)|STATEMENT_EXECUTE|[1]
17:32:01.0 (1936806)|METHOD_EXIT|[1]|testCaseStepsController
17:32:01.0 (1942679)|HEAP_ALLOCATE|[EXTERNAL]|Bytes:4
17:32:01.0 (1954100)|SYSTEM_MODE_ENTER|false
17:32:01.0 (1969190)|VARIABLE_SCOPE_BEGIN|[3]|recordCase|Id|false|false
17:32:01.0 (2321666)|VARIABLE_ASSIGNMENT|[3]|recordCase|"a001U000000rj7fQAA"
17:32:01.0 (2336533)|STATEMENT_EXECUTE|[4]
17:32:01.0 (2339555)|STATEMENT_EXECUTE|[5]
17:32:01.0 (2344840)|HEAP_ALLOCATE|[5]|Bytes:82
17:32:01.0 (2368372)|HEAP_ALLOCATE|[5]|Bytes:4
17:32:01.0 (2382332)|HEAP_ALLOCATE|[5]|Bytes:7
17:32:01.0 (2424678)|HEAP_ALLOCATE|[50]|Bytes:5
17:32:01.0 (2453489)|HEAP_ALLOCATE|[56]|Bytes:5
17:32:01.0 (2460571)|HEAP_ALLOCATE|[64]|Bytes:7
17:32:01.0 (2831089)|SOQL_EXECUTE_BEGIN|[5]|Aggregations:0|SELECT Id, Name, Test_Case__c FROM Test_Case_Step__c WHERE Test_Case__c = :tmpVar1
17:32:01.0 (5647804)|SOQL_EXECUTE_END|[5]|Rows:1
17:32:01.0 (5674106)|HEAP_ALLOCATE|[5]|Bytes:8
17:32:01.0 (5695639)|HEAP_ALLOCATE|[5]|Bytes:83
17:32:01.0 (5729719)|HEAP_ALLOCATE|[5]|Bytes:8
17:32:01.0 (5744949)|SYSTEM_MODE_EXIT|false
17:32:01.5 (5773308)|CUMULATIVE_LIMIT_USAGE
17:32:01.5 (5773308)|LIMIT_USAGE_FOR_NS|(default)|
  Number of SOQL queries: 1 out of 100
  Number of query rows: 1 out of 50000
  Number of SOSL queries: 0 out of 20
  Number of DML statements: 0 out of 150
  Number of DML rows: 0 out of 10000
  Maximum CPU time: 0 out of 10000
  Maximum heap size: 0 out of 6000000
  Number of callouts: 0 out of 100
  Number of Email Invocations: 0 out of 10
  Number of future calls: 0 out of 50
  Number of queueable jobs added to the queue: 0 out of 50
  Number of Mobile Apex push calls: 0 out of 10

17:32:01.5 (5773308)|CUMULATIVE_LIMIT_USAGE_END

17:32:01.0 (5816210)|CODE_UNIT_FINISHED|testCaseStepsController.getSteps(Id)
17:32:01.0 (5881843)|CODE_UNIT_FINISHED|Aura
17:32:01.0 (7080468)|EXECUTION_FINISHED
