44.0 APEX_CODE,FINEST;APEX_PROFILING,INFO;CALLOUT,INFO;DB,INFO;NBA,INFO;SYSTEM,DEBUG;VALIDATION,INFO;VISUALFORCE,INFO;WAVE,INFO;WORKFLOW,INFO
17:38:56.0 (145985)|USER_INFO|[EXTERNAL]|0051U000000NOIC|rperez@altimetrik.com|Hora de Argentina|GMT-03:00
17:38:56.0 (201907)|EXECUTION_STARTED
17:38:56.0 (209624)|CODE_UNIT_STARTED|[EXTERNAL]|Aura
17:38:56.0 (859318)|HEAP_ALLOCATE|[72]|Bytes:3
17:38:56.0 (940315)|HEAP_ALLOCATE|[77]|Bytes:152
17:38:56.0 (954802)|HEAP_ALLOCATE|[342]|Bytes:408
17:38:56.0 (966572)|HEAP_ALLOCATE|[355]|Bytes:408
17:38:56.0 (977641)|HEAP_ALLOCATE|[467]|Bytes:48
17:38:56.0 (1002804)|HEAP_ALLOCATE|[139]|Bytes:6
17:38:56.0 (1022458)|HEAP_ALLOCATE|[EXTERNAL]|Bytes:18
17:38:56.0 (1048272)|HEAP_ALLOCATE|[EXTERNAL]|Bytes:4
17:38:56.0 (1734902)|CODE_UNIT_STARTED|[EXTERNAL]|01p1U000003SMyj|testCaseStepsController.getSteps(Id)
17:38:56.0 (1863878)|HEAP_ALLOCATE|[EXTERNAL]|Bytes:1
17:38:56.0 (1889852)|METHOD_ENTRY|[1]|01p1U000003SMyj|testCaseStepsController.testCaseStepsController()
17:38:56.0 (1902380)|STATEMENT_EXECUTE|[1]
17:38:56.0 (1911811)|STATEMENT_EXECUTE|[1]
17:38:56.0 (1919310)|METHOD_EXIT|[1]|testCaseStepsController
17:38:56.0 (1926257)|HEAP_ALLOCATE|[EXTERNAL]|Bytes:4
17:38:56.0 (1946106)|SYSTEM_MODE_ENTER|false
17:38:56.0 (1959600)|VARIABLE_SCOPE_BEGIN|[3]|recordCase|Id|false|false
17:38:56.0 (2278682)|VARIABLE_ASSIGNMENT|[3]|recordCase|"a001U000000rj7fQAA"
17:38:56.0 (2293134)|STATEMENT_EXECUTE|[4]
17:38:56.0 (2295827)|STATEMENT_EXECUTE|[5]
17:38:56.0 (2302068)|HEAP_ALLOCATE|[5]|Bytes:82
17:38:56.0 (2330159)|HEAP_ALLOCATE|[5]|Bytes:4
17:38:56.0 (2346627)|HEAP_ALLOCATE|[5]|Bytes:7
17:38:56.0 (2394014)|HEAP_ALLOCATE|[50]|Bytes:5
17:38:56.0 (2424085)|HEAP_ALLOCATE|[56]|Bytes:5
17:38:56.0 (2431584)|HEAP_ALLOCATE|[64]|Bytes:7
17:38:56.0 (2820673)|SOQL_EXECUTE_BEGIN|[5]|Aggregations:0|SELECT Id, Name, Test_Case__c FROM Test_Case_Step__c WHERE Test_Case__c = :tmpVar1
17:38:56.0 (5262973)|SOQL_EXECUTE_END|[5]|Rows:1
17:38:56.0 (5292251)|HEAP_ALLOCATE|[5]|Bytes:8
17:38:56.0 (5314613)|HEAP_ALLOCATE|[5]|Bytes:83
17:38:56.0 (5412547)|HEAP_ALLOCATE|[5]|Bytes:8
17:38:56.0 (5432106)|SYSTEM_MODE_EXIT|false
17:38:56.5 (5474808)|CUMULATIVE_LIMIT_USAGE
17:38:56.5 (5474808)|LIMIT_USAGE_FOR_NS|(default)|
  Number of SOQL queries: 1 out of 100
  Number of query rows: 1 out of 50000
  Number of SOSL queries: 0 out of 20
  Number of DML statements: 0 out of 150
  Number of DML rows: 0 out of 10000
  Maximum CPU time: 0 out of 10000
  Maximum heap size: 0 out of 6000000
  Number of callouts: 0 out of 100
  Number of Email Invocations: 0 out of 10
  Number of future calls: 0 out of 50
  Number of queueable jobs added to the queue: 0 out of 50
  Number of Mobile Apex push calls: 0 out of 10

17:38:56.5 (5474808)|CUMULATIVE_LIMIT_USAGE_END

17:38:56.0 (5518110)|CODE_UNIT_FINISHED|testCaseStepsController.getSteps(Id)
17:38:56.0 (5594844)|CODE_UNIT_FINISHED|Aura
17:38:56.0 (6543830)|EXECUTION_FINISHED
