44.0 APEX_CODE,FINEST;APEX_PROFILING,INFO;CALLOUT,INFO;DB,INFO;NBA,INFO;SYSTEM,DEBUG;VALIDATION,INFO;VISUALFORCE,INFO;WAVE,INFO;WORKFLOW,INFO
15:22:29.0 (82221)|USER_INFO|[EXTERNAL]|0051U000000NOIC|rperez@altimetrik.com|Hora de Argentina|GMT-03:00
15:22:29.0 (118135)|EXECUTION_STARTED
15:22:29.0 (123228)|CODE_UNIT_STARTED|[EXTERNAL]|Aura
15:22:29.0 (1747884)|CODE_UNIT_STARTED|[EXTERNAL]|01p1U000002RkvZ|projectTileController.getCases(Project__c)
15:22:29.0 (1940639)|HEAP_ALLOCATE|[72]|Bytes:3
15:22:29.0 (1999969)|HEAP_ALLOCATE|[77]|Bytes:152
15:22:29.0 (2014322)|HEAP_ALLOCATE|[342]|Bytes:408
15:22:29.0 (2027984)|HEAP_ALLOCATE|[355]|Bytes:408
15:22:29.0 (2039380)|HEAP_ALLOCATE|[467]|Bytes:48
15:22:29.0 (2063657)|HEAP_ALLOCATE|[139]|Bytes:6
15:22:29.0 (2123230)|HEAP_ALLOCATE|[EXTERNAL]|Bytes:10
15:22:29.0 (2136650)|METHOD_ENTRY|[1]|01p1U000002RkvZ|projectTileController.projectTileController()
15:22:29.0 (2151628)|STATEMENT_EXECUTE|[1]
15:22:29.0 (2158169)|STATEMENT_EXECUTE|[1]
15:22:29.0 (2162560)|METHOD_EXIT|[1]|projectTileController
15:22:29.0 (2179768)|HEAP_ALLOCATE|[EXTERNAL]|Bytes:20
15:22:29.0 (2192064)|SYSTEM_MODE_ENTER|false
15:22:29.0 (2200128)|VARIABLE_SCOPE_BEGIN|[24]|project|Project__c|true|false
15:22:29.0 (2243959)|VARIABLE_ASSIGNMENT|[24]|project|{"Description__c":"lalalalallalaa","Id":"a011U000001pYFZQA2","Status__c":"Ongoing","Name":"test project 2"}|0x1e2b944d
15:22:29.0 (2258789)|STATEMENT_EXECUTE|[25]
15:22:29.0 (2261411)|STATEMENT_EXECUTE|[26]
15:22:29.0 (2266686)|HEAP_ALLOCATE|[26]|Bytes:193
15:22:29.0 (2287576)|HEAP_ALLOCATE|[26]|Bytes:4
15:22:29.0 (2300953)|HEAP_ALLOCATE|[26]|Bytes:7
15:22:29.0 (2392457)|HEAP_ALLOCATE|[50]|Bytes:5
15:22:29.0 (2417809)|HEAP_ALLOCATE|[56]|Bytes:5
15:22:29.0 (2427155)|HEAP_ALLOCATE|[64]|Bytes:7
15:22:29.0 (2924983)|SOQL_EXECUTE_BEGIN|[26]|Aggregations:0|SELECT Id, Name, Title__c, LastModifiedDate, Project__c, Description__c, Preconditions__c, User_Story__c FROM Test_Case__c WHERE Project__c = :tmpVar1 ORDER BY LastModifiedDate DESC NULLS FIRST
15:22:29.0 (7283700)|SOQL_EXECUTE_END|[26]|Rows:6
15:22:29.0 (7310563)|HEAP_ALLOCATE|[26]|Bytes:28
15:22:29.0 (7334564)|HEAP_ALLOCATE|[26]|Bytes:1156
15:22:29.0 (7440785)|HEAP_ALLOCATE|[26]|Bytes:28
15:22:29.0 (7457869)|SYSTEM_MODE_EXIT|false
15:22:29.7 (7488485)|CUMULATIVE_LIMIT_USAGE
15:22:29.7 (7488485)|LIMIT_USAGE_FOR_NS|(default)|
  Number of SOQL queries: 1 out of 100
  Number of query rows: 6 out of 50000
  Number of SOSL queries: 0 out of 20
  Number of DML statements: 0 out of 150
  Number of DML rows: 0 out of 10000
  Maximum CPU time: 0 out of 10000
  Maximum heap size: 0 out of 6000000
  Number of callouts: 0 out of 100
  Number of Email Invocations: 0 out of 10
  Number of future calls: 0 out of 50
  Number of queueable jobs added to the queue: 0 out of 50
  Number of Mobile Apex push calls: 0 out of 10

15:22:29.7 (7488485)|CUMULATIVE_LIMIT_USAGE_END

15:22:29.0 (7522959)|CODE_UNIT_FINISHED|projectTileController.getCases(Project__c)
15:22:29.0 (7694633)|CODE_UNIT_FINISHED|Aura
15:22:29.0 (8975803)|EXECUTION_FINISHED
