44.0 APEX_CODE,FINEST;APEX_PROFILING,INFO;CALLOUT,INFO;DB,INFO;NBA,INFO;SYSTEM,DEBUG;VALIDATION,INFO;VISUALFORCE,INFO;WAVE,INFO;WORKFLOW,INFO
17:33:33.0 (199257)|USER_INFO|[EXTERNAL]|0051U000000NOIC|rperez@altimetrik.com|Hora de Argentina|GMT-03:00
17:33:33.0 (273207)|EXECUTION_STARTED
17:33:33.0 (278244)|CODE_UNIT_STARTED|[EXTERNAL]|Aura
17:33:33.0 (893159)|HEAP_ALLOCATE|[72]|Bytes:3
17:33:33.0 (952254)|HEAP_ALLOCATE|[77]|Bytes:152
17:33:33.0 (969223)|HEAP_ALLOCATE|[342]|Bytes:408
17:33:33.0 (982571)|HEAP_ALLOCATE|[355]|Bytes:408
17:33:33.0 (994866)|HEAP_ALLOCATE|[467]|Bytes:48
17:33:33.0 (1019337)|HEAP_ALLOCATE|[139]|Bytes:6
17:33:33.0 (1033740)|HEAP_ALLOCATE|[EXTERNAL]|Bytes:18
17:33:33.0 (1051410)|HEAP_ALLOCATE|[EXTERNAL]|Bytes:4
17:33:33.0 (1848294)|CODE_UNIT_STARTED|[EXTERNAL]|01p1U000003SMyj|testCaseStepsController.getSteps(Id)
17:33:33.0 (2058244)|HEAP_ALLOCATE|[EXTERNAL]|Bytes:1
17:33:33.0 (2097165)|METHOD_ENTRY|[1]|01p1U000003SMyj|testCaseStepsController.testCaseStepsController()
17:33:33.0 (2117936)|STATEMENT_EXECUTE|[1]
17:33:33.0 (2131683)|STATEMENT_EXECUTE|[1]
17:33:33.0 (2142898)|METHOD_EXIT|[1]|testCaseStepsController
17:33:33.0 (2160318)|HEAP_ALLOCATE|[EXTERNAL]|Bytes:4
17:33:33.0 (2182235)|SYSTEM_MODE_ENTER|false
17:33:33.0 (2209213)|VARIABLE_SCOPE_BEGIN|[3]|recordCase|Id|false|false
17:33:33.0 (2472688)|VARIABLE_ASSIGNMENT|[3]|recordCase|"a001U000000rj7fQAA"
17:33:33.0 (2489012)|STATEMENT_EXECUTE|[4]
17:33:33.0 (2493101)|STATEMENT_EXECUTE|[5]
17:33:33.0 (2501092)|HEAP_ALLOCATE|[5]|Bytes:82
17:33:33.0 (2528072)|HEAP_ALLOCATE|[5]|Bytes:4
17:33:33.0 (2543758)|HEAP_ALLOCATE|[5]|Bytes:7
17:33:33.0 (2625270)|HEAP_ALLOCATE|[50]|Bytes:5
17:33:33.0 (2652322)|HEAP_ALLOCATE|[56]|Bytes:5
17:33:33.0 (2662179)|HEAP_ALLOCATE|[64]|Bytes:7
17:33:33.0 (3125543)|SOQL_EXECUTE_BEGIN|[5]|Aggregations:0|SELECT Id, Name, Test_Case__c FROM Test_Case_Step__c WHERE Test_Case__c = :tmpVar1
17:33:33.0 (5887777)|SOQL_EXECUTE_END|[5]|Rows:1
17:33:33.0 (5913557)|HEAP_ALLOCATE|[5]|Bytes:8
17:33:33.0 (5934105)|HEAP_ALLOCATE|[5]|Bytes:83
17:33:33.0 (6027446)|HEAP_ALLOCATE|[5]|Bytes:8
17:33:33.0 (6042923)|SYSTEM_MODE_EXIT|false
17:33:33.6 (6072543)|CUMULATIVE_LIMIT_USAGE
17:33:33.6 (6072543)|LIMIT_USAGE_FOR_NS|(default)|
  Number of SOQL queries: 1 out of 100
  Number of query rows: 1 out of 50000
  Number of SOSL queries: 0 out of 20
  Number of DML statements: 0 out of 150
  Number of DML rows: 0 out of 10000
  Maximum CPU time: 0 out of 10000
  Maximum heap size: 0 out of 6000000
  Number of callouts: 0 out of 100
  Number of Email Invocations: 0 out of 10
  Number of future calls: 0 out of 50
  Number of queueable jobs added to the queue: 0 out of 50
  Number of Mobile Apex push calls: 0 out of 10

17:33:33.6 (6072543)|CUMULATIVE_LIMIT_USAGE_END

17:33:33.0 (6122346)|CODE_UNIT_FINISHED|testCaseStepsController.getSteps(Id)
17:33:33.0 (6187697)|CODE_UNIT_FINISHED|Aura
17:33:33.0 (7361799)|EXECUTION_FINISHED
