44.0 APEX_CODE,FINEST;APEX_PROFILING,INFO;CALLOUT,INFO;DB,INFO;NBA,INFO;SYSTEM,DEBUG;VALIDATION,INFO;VISUALFORCE,INFO;WAVE,INFO;WORKFLOW,INFO
14:56:11.0 (98280)|USER_INFO|[EXTERNAL]|0051U000000NOIC|rperez@altimetrik.com|Hora de Argentina|GMT-03:00
14:56:11.0 (139648)|EXECUTION_STARTED
14:56:11.0 (144554)|CODE_UNIT_STARTED|[EXTERNAL]|Aura
14:56:11.0 (1514911)|CODE_UNIT_STARTED|[EXTERNAL]|01p1U000002RkvZ|projectTileController.getCases(Project__c)
14:56:11.0 (1723676)|HEAP_ALLOCATE|[72]|Bytes:3
14:56:11.0 (1779491)|HEAP_ALLOCATE|[77]|Bytes:152
14:56:11.0 (1795094)|HEAP_ALLOCATE|[342]|Bytes:408
14:56:11.0 (1808615)|HEAP_ALLOCATE|[355]|Bytes:408
14:56:11.0 (1821069)|HEAP_ALLOCATE|[467]|Bytes:48
14:56:11.0 (1847421)|HEAP_ALLOCATE|[139]|Bytes:6
14:56:11.0 (1910876)|HEAP_ALLOCATE|[EXTERNAL]|Bytes:10
14:56:11.0 (1925725)|METHOD_ENTRY|[1]|01p1U000002RkvZ|projectTileController.projectTileController()
14:56:11.0 (1933326)|STATEMENT_EXECUTE|[1]
14:56:11.0 (1939593)|STATEMENT_EXECUTE|[1]
14:56:11.0 (1945170)|METHOD_EXIT|[1]|projectTileController
14:56:11.0 (1961948)|HEAP_ALLOCATE|[EXTERNAL]|Bytes:20
14:56:11.0 (1975728)|SYSTEM_MODE_ENTER|false
14:56:11.0 (1985623)|VARIABLE_SCOPE_BEGIN|[24]|project|Project__c|true|false
14:56:11.0 (2051853)|VARIABLE_ASSIGNMENT|[24]|project|{"Description__c":"lalalalallalaa","Id":"a011U000001pYFZQA2","Status__c":"Ongoing","Name":"test project 2"}|0x2de41973
14:56:11.0 (2070482)|STATEMENT_EXECUTE|[25]
14:56:11.0 (2074333)|STATEMENT_EXECUTE|[26]
14:56:11.0 (2081005)|HEAP_ALLOCATE|[26]|Bytes:193
14:56:11.0 (2107564)|HEAP_ALLOCATE|[26]|Bytes:4
14:56:11.0 (2120195)|HEAP_ALLOCATE|[26]|Bytes:7
14:56:11.0 (2214240)|HEAP_ALLOCATE|[50]|Bytes:5
14:56:11.0 (2241058)|HEAP_ALLOCATE|[56]|Bytes:5
14:56:11.0 (2247877)|HEAP_ALLOCATE|[64]|Bytes:7
14:56:11.0 (2799662)|SOQL_EXECUTE_BEGIN|[26]|Aggregations:0|SELECT Id, Name, Title__c, LastModifiedDate, Project__c, Description__c, Preconditions__c, User_Story__c FROM Test_Case__c WHERE Project__c = :tmpVar1 ORDER BY LastModifiedDate DESC NULLS FIRST
14:56:11.0 (7276153)|SOQL_EXECUTE_END|[26]|Rows:6
14:56:11.0 (7306002)|HEAP_ALLOCATE|[26]|Bytes:28
14:56:11.0 (7331585)|HEAP_ALLOCATE|[26]|Bytes:1156
14:56:11.0 (7453668)|HEAP_ALLOCATE|[26]|Bytes:28
14:56:11.0 (7474470)|SYSTEM_MODE_EXIT|false
14:56:11.7 (7503482)|CUMULATIVE_LIMIT_USAGE
14:56:11.7 (7503482)|LIMIT_USAGE_FOR_NS|(default)|
  Number of SOQL queries: 1 out of 100
  Number of query rows: 6 out of 50000
  Number of SOSL queries: 0 out of 20
  Number of DML statements: 0 out of 150
  Number of DML rows: 0 out of 10000
  Maximum CPU time: 0 out of 10000
  Maximum heap size: 0 out of 6000000
  Number of callouts: 0 out of 100
  Number of Email Invocations: 0 out of 10
  Number of future calls: 0 out of 50
  Number of queueable jobs added to the queue: 0 out of 50
  Number of Mobile Apex push calls: 0 out of 10

14:56:11.7 (7503482)|CUMULATIVE_LIMIT_USAGE_END

14:56:11.0 (7540995)|CODE_UNIT_FINISHED|projectTileController.getCases(Project__c)
14:56:11.0 (7720023)|CODE_UNIT_FINISHED|Aura
14:56:11.0 (8724364)|EXECUTION_FINISHED
