44.0 APEX_CODE,FINEST;APEX_PROFILING,INFO;CALLOUT,INFO;DB,INFO;NBA,INFO;SYSTEM,DEBUG;VALIDATION,INFO;VISUALFORCE,INFO;WAVE,INFO;WORKFLOW,INFO
15:02:57.0 (379337)|USER_INFO|[EXTERNAL]|0051U000000NOIC|rperez@altimetrik.com|Hora de Argentina|GMT-03:00
15:02:57.0 (442862)|EXECUTION_STARTED
15:02:57.0 (450347)|CODE_UNIT_STARTED|[EXTERNAL]|Aura
15:02:57.0 (1702572)|CODE_UNIT_STARTED|[EXTERNAL]|01p1U000002RkvZ|projectTileController.getProjects()
15:02:57.0 (1915761)|HEAP_ALLOCATE|[72]|Bytes:3
15:02:57.0 (1974147)|HEAP_ALLOCATE|[77]|Bytes:152
15:02:57.0 (1986943)|HEAP_ALLOCATE|[342]|Bytes:408
15:02:57.0 (1998716)|HEAP_ALLOCATE|[355]|Bytes:408
15:02:57.0 (2009680)|HEAP_ALLOCATE|[467]|Bytes:48
15:02:57.0 (2033136)|HEAP_ALLOCATE|[139]|Bytes:6
15:02:57.0 (2090148)|HEAP_ALLOCATE|[EXTERNAL]|Bytes:10
15:02:57.0 (2108520)|METHOD_ENTRY|[1]|01p1U000002RkvZ|projectTileController.projectTileController()
15:02:57.0 (2118621)|STATEMENT_EXECUTE|[1]
15:02:57.0 (2128873)|STATEMENT_EXECUTE|[1]
15:02:57.0 (2133822)|METHOD_EXIT|[1]|projectTileController
15:02:57.0 (2150186)|SYSTEM_MODE_ENTER|false
15:02:57.0 (2160440)|STATEMENT_EXECUTE|[3]
15:02:57.0 (2162598)|STATEMENT_EXECUTE|[4]
15:02:57.0 (2189245)|HEAP_ALLOCATE|[4]|Bytes:4
15:02:57.0 (2266287)|HEAP_ALLOCATE|[5]|Bytes:2
15:02:57.0 (2279833)|HEAP_ALLOCATE|[5]|Bytes:4
15:02:57.0 (2285440)|HEAP_ALLOCATE|[5]|Bytes:9
15:02:57.0 (2299038)|VARIABLE_SCOPE_BEGIN|[4]|fieldsToCheck|List<String>|true|false
15:02:57.0 (2335967)|HEAP_ALLOCATE|[EXTERNAL]|Bytes:16
15:02:57.0 (2397736)|VARIABLE_ASSIGNMENT|[4]|fieldsToCheck|["Id","Name","Status__c"]|0x2ba504d5
15:02:57.0 (2407182)|STATEMENT_EXECUTE|[8]
15:02:57.0 (2413995)|HEAP_ALLOCATE|[9]|Bytes:10
15:02:57.0 (2440841)|HEAP_ALLOCATE|[50]|Bytes:5
15:02:57.0 (2463988)|HEAP_ALLOCATE|[56]|Bytes:5
15:02:57.0 (2470803)|HEAP_ALLOCATE|[64]|Bytes:7
15:02:57.0 (13663641)|HEAP_ALLOCATE|[9]|Bytes:4
15:02:57.0 (13979020)|HEAP_ALLOCATE|[9]|Bytes:56
15:02:57.0 (13998820)|VARIABLE_SCOPE_BEGIN|[8]|fieldDescribeTokens|Map<String,Schema.SObjectField>|true|false
15:02:57.0 (14445874)|VARIABLE_ASSIGNMENT|[8]|fieldDescribeTokens|"{createdbyid=CreatedById, createddate=CreatedDate, description__c=Description__c, id=Id, isdeleted=IsDeleted, lastmodifiedbyid=LastModifiedById, lastmodifieddate=LastModifiedDate, lastreferenceddate=LastReferencedDate, lastvieweddate=LastViewedDate, name=Name, ...}"|0x72ae744
15:02:57.0 (14601493)|HEAP_ALLOCATE|[11]|Bytes:5
15:02:57.0 (14621232)|HEAP_ALLOCATE|[11]|Bytes:2
15:02:57.0 (14631666)|VARIABLE_SCOPE_BEGIN|[11]|field|String|false|false
15:02:57.0 (14645469)|VARIABLE_ASSIGNMENT|[11]|field|"Id"
15:02:57.0 (14651969)|STATEMENT_EXECUTE|[11]
15:02:57.0 (14910592)|HEAP_ALLOCATE|[EXTERNAL]|Bytes:4
15:02:57.0 (14975706)|HEAP_ALLOCATE|[12]|Bytes:8
15:02:57.0 (15010607)|STATEMENT_EXECUTE|[12]
15:02:57.0 (15024765)|HEAP_ALLOCATE|[11]|Bytes:5
15:02:57.0 (15034759)|HEAP_ALLOCATE|[11]|Bytes:4
15:02:57.0 (15042637)|VARIABLE_SCOPE_BEGIN|[11]|field|String|false|false
15:02:57.0 (15055745)|VARIABLE_ASSIGNMENT|[11]|field|"Name"
15:02:57.0 (15060506)|STATEMENT_EXECUTE|[11]
15:02:57.0 (15180457)|HEAP_ALLOCATE|[EXTERNAL]|Bytes:4
15:02:57.0 (15200216)|HEAP_ALLOCATE|[12]|Bytes:8
15:02:57.0 (15212351)|STATEMENT_EXECUTE|[12]
15:02:57.0 (15221582)|HEAP_ALLOCATE|[11]|Bytes:5
15:02:57.0 (15230223)|HEAP_ALLOCATE|[11]|Bytes:9
15:02:57.0 (15236293)|VARIABLE_SCOPE_BEGIN|[11]|field|String|false|false
15:02:57.0 (15247589)|VARIABLE_ASSIGNMENT|[11]|field|"Status__c"
15:02:57.0 (15252245)|STATEMENT_EXECUTE|[11]
15:02:57.0 (15744108)|HEAP_ALLOCATE|[EXTERNAL]|Bytes:4
15:02:57.0 (15774621)|HEAP_ALLOCATE|[12]|Bytes:8
15:02:57.0 (15793246)|STATEMENT_EXECUTE|[12]
15:02:57.0 (15806356)|HEAP_ALLOCATE|[11]|Bytes:5
15:02:57.0 (15821246)|VARIABLE_ASSIGNMENT|[11]|field|null
15:02:57.0 (15826476)|STATEMENT_EXECUTE|[17]
15:02:57.0 (15833525)|HEAP_ALLOCATE|[17]|Bytes:86
15:02:57.0 (15854001)|HEAP_ALLOCATE|[17]|Bytes:4
15:02:57.0 (16098514)|SOQL_EXECUTE_BEGIN|[17]|Aggregations:0|SELECT Id, Name, Status__c, Description__c FROM Project__c WHERE Status__c = 'Ongoing'
15:02:57.0 (19537038)|SOQL_EXECUTE_END|[17]|Rows:16
15:02:57.0 (19567987)|HEAP_ALLOCATE|[17]|Bytes:68
15:02:57.0 (19626489)|HEAP_ALLOCATE|[17]|Bytes:1173
15:02:57.0 (19716045)|HEAP_ALLOCATE|[17]|Bytes:68
15:02:57.0 (19737048)|SYSTEM_MODE_EXIT|false
15:02:57.19 (19771626)|CUMULATIVE_LIMIT_USAGE
15:02:57.19 (19771626)|LIMIT_USAGE_FOR_NS|(default)|
  Number of SOQL queries: 1 out of 100
  Number of query rows: 16 out of 50000
  Number of SOSL queries: 0 out of 20
  Number of DML statements: 0 out of 150
  Number of DML rows: 0 out of 10000
  Maximum CPU time: 0 out of 10000
  Maximum heap size: 0 out of 6000000
  Number of callouts: 0 out of 100
  Number of Email Invocations: 0 out of 10
  Number of future calls: 0 out of 50
  Number of queueable jobs added to the queue: 0 out of 50
  Number of Mobile Apex push calls: 0 out of 10

15:02:57.19 (19771626)|CUMULATIVE_LIMIT_USAGE_END

15:02:57.0 (19819921)|CODE_UNIT_FINISHED|projectTileController.getProjects()
15:02:57.0 (20005777)|CODE_UNIT_FINISHED|Aura
15:02:57.0 (21004466)|EXECUTION_FINISHED
