44.0 APEX_CODE,FINEST;APEX_PROFILING,INFO;CALLOUT,INFO;DB,INFO;NBA,INFO;SYSTEM,DEBUG;VALIDATION,INFO;VISUALFORCE,INFO;WAVE,INFO;WORKFLOW,INFO
17:41:39.0 (125275)|USER_INFO|[EXTERNAL]|0051U000000NOIC|rperez@altimetrik.com|Hora de Argentina|GMT-03:00
17:41:39.0 (178287)|EXECUTION_STARTED
17:41:39.0 (185914)|CODE_UNIT_STARTED|[EXTERNAL]|Aura
17:41:39.0 (850651)|HEAP_ALLOCATE|[72]|Bytes:3
17:41:39.0 (922359)|HEAP_ALLOCATE|[77]|Bytes:152
17:41:39.0 (937483)|HEAP_ALLOCATE|[342]|Bytes:408
17:41:39.0 (951426)|HEAP_ALLOCATE|[355]|Bytes:408
17:41:39.0 (964658)|HEAP_ALLOCATE|[467]|Bytes:48
17:41:39.0 (989309)|HEAP_ALLOCATE|[139]|Bytes:6
17:41:39.0 (1004424)|HEAP_ALLOCATE|[EXTERNAL]|Bytes:18
17:41:39.0 (1020377)|HEAP_ALLOCATE|[EXTERNAL]|Bytes:4
17:41:39.0 (1703491)|CODE_UNIT_STARTED|[EXTERNAL]|01p1U000003SMyj|testCaseStepsController.getSteps(Id)
17:41:39.0 (1816611)|HEAP_ALLOCATE|[EXTERNAL]|Bytes:1
17:41:39.0 (1835926)|METHOD_ENTRY|[1]|01p1U000003SMyj|testCaseStepsController.testCaseStepsController()
17:41:39.0 (1844790)|STATEMENT_EXECUTE|[1]
17:41:39.0 (1852996)|STATEMENT_EXECUTE|[1]
17:41:39.0 (1857965)|METHOD_EXIT|[1]|testCaseStepsController
17:41:39.0 (1863813)|HEAP_ALLOCATE|[EXTERNAL]|Bytes:4
17:41:39.0 (1875332)|SYSTEM_MODE_ENTER|false
17:41:39.0 (1890476)|VARIABLE_SCOPE_BEGIN|[3]|recordCase|Id|false|false
17:41:39.0 (2204226)|VARIABLE_ASSIGNMENT|[3]|recordCase|"a001U000000rj7fQAA"
17:41:39.0 (2220235)|STATEMENT_EXECUTE|[4]
17:41:39.0 (2224511)|STATEMENT_EXECUTE|[5]
17:41:39.0 (2233510)|HEAP_ALLOCATE|[5]|Bytes:82
17:41:39.0 (2261160)|HEAP_ALLOCATE|[5]|Bytes:4
17:41:39.0 (2277775)|HEAP_ALLOCATE|[5]|Bytes:7
17:41:39.0 (2329433)|HEAP_ALLOCATE|[50]|Bytes:5
17:41:39.0 (2355637)|HEAP_ALLOCATE|[56]|Bytes:5
17:41:39.0 (2362703)|HEAP_ALLOCATE|[64]|Bytes:7
17:41:39.0 (2854266)|SOQL_EXECUTE_BEGIN|[5]|Aggregations:0|SELECT Id, Name, Test_Case__c FROM Test_Case_Step__c WHERE Test_Case__c = :tmpVar1
17:41:39.0 (6233207)|SOQL_EXECUTE_END|[5]|Rows:2
17:41:39.0 (6264729)|HEAP_ALLOCATE|[5]|Bytes:12
17:41:39.0 (6290019)|HEAP_ALLOCATE|[5]|Bytes:166
17:41:39.0 (6427852)|HEAP_ALLOCATE|[5]|Bytes:12
17:41:39.0 (6455372)|SYSTEM_MODE_EXIT|false
17:41:39.6 (6488393)|CUMULATIVE_LIMIT_USAGE
17:41:39.6 (6488393)|LIMIT_USAGE_FOR_NS|(default)|
  Number of SOQL queries: 1 out of 100
  Number of query rows: 2 out of 50000
  Number of SOSL queries: 0 out of 20
  Number of DML statements: 0 out of 150
  Number of DML rows: 0 out of 10000
  Maximum CPU time: 0 out of 10000
  Maximum heap size: 0 out of 6000000
  Number of callouts: 0 out of 100
  Number of Email Invocations: 0 out of 10
  Number of future calls: 0 out of 50
  Number of queueable jobs added to the queue: 0 out of 50
  Number of Mobile Apex push calls: 0 out of 10

17:41:39.6 (6488393)|CUMULATIVE_LIMIT_USAGE_END

17:41:39.0 (6550794)|CODE_UNIT_FINISHED|testCaseStepsController.getSteps(Id)
17:41:39.0 (6655747)|CODE_UNIT_FINISHED|Aura
17:41:39.0 (7843600)|EXECUTION_FINISHED
