44.0 APEX_CODE,FINEST;APEX_PROFILING,INFO;CALLOUT,INFO;DB,INFO;NBA,INFO;SYSTEM,DEBUG;VALIDATION,INFO;VISUALFORCE,INFO;WAVE,INFO;WORKFLOW,INFO
17:43:54.0 (230001)|USER_INFO|[EXTERNAL]|0051U000000NOIC|rperez@altimetrik.com|Hora de Argentina|GMT-03:00
17:43:54.0 (288019)|EXECUTION_STARTED
17:43:54.0 (295919)|CODE_UNIT_STARTED|[EXTERNAL]|Aura
17:43:54.0 (986564)|HEAP_ALLOCATE|[72]|Bytes:3
17:43:54.0 (1048852)|HEAP_ALLOCATE|[77]|Bytes:152
17:43:54.0 (1062924)|HEAP_ALLOCATE|[342]|Bytes:408
17:43:54.0 (1073610)|HEAP_ALLOCATE|[355]|Bytes:408
17:43:54.0 (1083568)|HEAP_ALLOCATE|[467]|Bytes:48
17:43:54.0 (1106064)|HEAP_ALLOCATE|[139]|Bytes:6
17:43:54.0 (1118756)|HEAP_ALLOCATE|[EXTERNAL]|Bytes:18
17:43:54.0 (1141558)|HEAP_ALLOCATE|[EXTERNAL]|Bytes:4
17:43:54.0 (2051287)|CODE_UNIT_STARTED|[EXTERNAL]|01p1U000003SMyj|testCaseStepsController.getSteps(Id)
17:43:54.0 (2161054)|HEAP_ALLOCATE|[EXTERNAL]|Bytes:1
17:43:54.0 (2182954)|METHOD_ENTRY|[1]|01p1U000003SMyj|testCaseStepsController.testCaseStepsController()
17:43:54.0 (2193321)|STATEMENT_EXECUTE|[1]
17:43:54.0 (2202660)|STATEMENT_EXECUTE|[1]
17:43:54.0 (2207470)|METHOD_EXIT|[1]|testCaseStepsController
17:43:54.0 (2213473)|HEAP_ALLOCATE|[EXTERNAL]|Bytes:4
17:43:54.0 (2243491)|SYSTEM_MODE_ENTER|false
17:43:54.0 (2261619)|VARIABLE_SCOPE_BEGIN|[3]|recordCase|Id|false|false
17:43:54.0 (2584246)|VARIABLE_ASSIGNMENT|[3]|recordCase|"a001U000000rj7fQAA"
17:43:54.0 (2599473)|STATEMENT_EXECUTE|[4]
17:43:54.0 (2602242)|STATEMENT_EXECUTE|[5]
17:43:54.0 (2608267)|HEAP_ALLOCATE|[5]|Bytes:82
17:43:54.0 (2635423)|HEAP_ALLOCATE|[5]|Bytes:4
17:43:54.0 (2649324)|HEAP_ALLOCATE|[5]|Bytes:7
17:43:54.0 (2694382)|HEAP_ALLOCATE|[50]|Bytes:5
17:43:54.0 (2721042)|HEAP_ALLOCATE|[56]|Bytes:5
17:43:54.0 (2728204)|HEAP_ALLOCATE|[64]|Bytes:7
17:43:54.0 (3137035)|SOQL_EXECUTE_BEGIN|[5]|Aggregations:0|SELECT Id, Name, Test_Case__c FROM Test_Case_Step__c WHERE Test_Case__c = :tmpVar1
17:43:54.0 (5843857)|SOQL_EXECUTE_END|[5]|Rows:2
17:43:54.0 (5867375)|HEAP_ALLOCATE|[5]|Bytes:12
17:43:54.0 (5888688)|HEAP_ALLOCATE|[5]|Bytes:166
17:43:54.0 (5977486)|HEAP_ALLOCATE|[5]|Bytes:12
17:43:54.0 (5993227)|SYSTEM_MODE_EXIT|false
17:43:54.6 (6021869)|CUMULATIVE_LIMIT_USAGE
17:43:54.6 (6021869)|LIMIT_USAGE_FOR_NS|(default)|
  Number of SOQL queries: 1 out of 100
  Number of query rows: 2 out of 50000
  Number of SOSL queries: 0 out of 20
  Number of DML statements: 0 out of 150
  Number of DML rows: 0 out of 10000
  Maximum CPU time: 0 out of 10000
  Maximum heap size: 0 out of 6000000
  Number of callouts: 0 out of 100
  Number of Email Invocations: 0 out of 10
  Number of future calls: 0 out of 50
  Number of queueable jobs added to the queue: 0 out of 50
  Number of Mobile Apex push calls: 0 out of 10

17:43:54.6 (6021869)|CUMULATIVE_LIMIT_USAGE_END

17:43:54.0 (6061359)|CODE_UNIT_FINISHED|testCaseStepsController.getSteps(Id)
17:43:54.0 (6134314)|CODE_UNIT_FINISHED|Aura
17:43:54.0 (7283766)|EXECUTION_FINISHED
