44.0 APEX_CODE,FINEST;APEX_PROFILING,INFO;CALLOUT,INFO;DB,INFO;NBA,INFO;SYSTEM,DEBUG;VALIDATION,INFO;VISUALFORCE,INFO;WAVE,INFO;WORKFLOW,INFO
17:38:09.0 (119607)|USER_INFO|[EXTERNAL]|0051U000000NOIC|rperez@altimetrik.com|Hora de Argentina|GMT-03:00
17:38:09.0 (174457)|EXECUTION_STARTED
17:38:09.0 (180497)|CODE_UNIT_STARTED|[EXTERNAL]|Aura
17:38:09.0 (870837)|HEAP_ALLOCATE|[72]|Bytes:3
17:38:09.0 (920688)|HEAP_ALLOCATE|[77]|Bytes:152
17:38:09.0 (935755)|HEAP_ALLOCATE|[342]|Bytes:408
17:38:09.0 (955929)|HEAP_ALLOCATE|[355]|Bytes:408
17:38:09.0 (974625)|HEAP_ALLOCATE|[467]|Bytes:48
17:38:09.0 (1010135)|HEAP_ALLOCATE|[139]|Bytes:6
17:38:09.0 (1034504)|HEAP_ALLOCATE|[EXTERNAL]|Bytes:18
17:38:09.0 (1051652)|HEAP_ALLOCATE|[EXTERNAL]|Bytes:4
17:38:09.0 (1790158)|CODE_UNIT_STARTED|[EXTERNAL]|01p1U000003SMyj|testCaseStepsController.getSteps(Id)
17:38:09.0 (1908779)|HEAP_ALLOCATE|[EXTERNAL]|Bytes:1
17:38:09.0 (1933053)|METHOD_ENTRY|[1]|01p1U000003SMyj|testCaseStepsController.testCaseStepsController()
17:38:09.0 (1945987)|STATEMENT_EXECUTE|[1]
17:38:09.0 (1952636)|STATEMENT_EXECUTE|[1]
17:38:09.0 (1958605)|METHOD_EXIT|[1]|testCaseStepsController
17:38:09.0 (1968657)|HEAP_ALLOCATE|[EXTERNAL]|Bytes:4
17:38:09.0 (1983429)|SYSTEM_MODE_ENTER|false
17:38:09.0 (1994465)|VARIABLE_SCOPE_BEGIN|[3]|recordCase|Id|false|false
17:38:09.0 (2383973)|VARIABLE_ASSIGNMENT|[3]|recordCase|"a001U000000rj7fQAA"
17:38:09.0 (2404828)|STATEMENT_EXECUTE|[4]
17:38:09.0 (2410209)|STATEMENT_EXECUTE|[5]
17:38:09.0 (2419790)|HEAP_ALLOCATE|[5]|Bytes:82
17:38:09.0 (2452686)|HEAP_ALLOCATE|[5]|Bytes:4
17:38:09.0 (2471936)|HEAP_ALLOCATE|[5]|Bytes:7
17:38:09.0 (2552112)|HEAP_ALLOCATE|[50]|Bytes:5
17:38:09.0 (2585938)|HEAP_ALLOCATE|[56]|Bytes:5
17:38:09.0 (2599988)|HEAP_ALLOCATE|[64]|Bytes:7
17:38:09.0 (3057070)|SOQL_EXECUTE_BEGIN|[5]|Aggregations:0|SELECT Id, Name, Test_Case__c FROM Test_Case_Step__c WHERE Test_Case__c = :tmpVar1
17:38:09.0 (6218587)|SOQL_EXECUTE_END|[5]|Rows:1
17:38:09.0 (6255697)|HEAP_ALLOCATE|[5]|Bytes:8
17:38:09.0 (6283109)|HEAP_ALLOCATE|[5]|Bytes:83
17:38:09.0 (6396917)|HEAP_ALLOCATE|[5]|Bytes:8
17:38:09.0 (6415752)|SYSTEM_MODE_EXIT|false
17:38:09.6 (6441369)|CUMULATIVE_LIMIT_USAGE
17:38:09.6 (6441369)|LIMIT_USAGE_FOR_NS|(default)|
  Number of SOQL queries: 1 out of 100
  Number of query rows: 1 out of 50000
  Number of SOSL queries: 0 out of 20
  Number of DML statements: 0 out of 150
  Number of DML rows: 0 out of 10000
  Maximum CPU time: 0 out of 10000
  Maximum heap size: 0 out of 6000000
  Number of callouts: 0 out of 100
  Number of Email Invocations: 0 out of 10
  Number of future calls: 0 out of 50
  Number of queueable jobs added to the queue: 0 out of 50
  Number of Mobile Apex push calls: 0 out of 10

17:38:09.6 (6441369)|CUMULATIVE_LIMIT_USAGE_END

17:38:09.0 (6489984)|CODE_UNIT_FINISHED|testCaseStepsController.getSteps(Id)
17:38:09.0 (6582510)|CODE_UNIT_FINISHED|Aura
17:38:09.0 (7711721)|EXECUTION_FINISHED
