44.0 APEX_CODE,FINEST;APEX_PROFILING,INFO;CALLOUT,INFO;DB,INFO;NBA,INFO;SYSTEM,DEBUG;VALIDATION,INFO;VISUALFORCE,INFO;WAVE,INFO;WORKFLOW,INFO
15:05:03.0 (93232)|USER_INFO|[EXTERNAL]|0051U000000NOIC|rperez@altimetrik.com|Hora de Argentina|GMT-03:00
15:05:03.0 (125814)|EXECUTION_STARTED
15:05:03.0 (130835)|CODE_UNIT_STARTED|[EXTERNAL]|Aura
15:05:03.0 (1518735)|CODE_UNIT_STARTED|[EXTERNAL]|01p1U000002RkvZ|projectTileController.getCases(Project__c)
15:05:03.0 (1677395)|HEAP_ALLOCATE|[72]|Bytes:3
15:05:03.0 (1731704)|HEAP_ALLOCATE|[77]|Bytes:152
15:05:03.0 (1745087)|HEAP_ALLOCATE|[342]|Bytes:408
15:05:03.0 (1756859)|HEAP_ALLOCATE|[355]|Bytes:408
15:05:03.0 (1767752)|HEAP_ALLOCATE|[467]|Bytes:48
15:05:03.0 (1790932)|HEAP_ALLOCATE|[139]|Bytes:6
15:05:03.0 (1849191)|HEAP_ALLOCATE|[EXTERNAL]|Bytes:10
15:05:03.0 (1860400)|METHOD_ENTRY|[1]|01p1U000002RkvZ|projectTileController.projectTileController()
15:05:03.0 (1866282)|STATEMENT_EXECUTE|[1]
15:05:03.0 (1870868)|STATEMENT_EXECUTE|[1]
15:05:03.0 (1875197)|METHOD_EXIT|[1]|projectTileController
15:05:03.0 (1895059)|HEAP_ALLOCATE|[EXTERNAL]|Bytes:20
15:05:03.0 (1906146)|SYSTEM_MODE_ENTER|false
15:05:03.0 (1913829)|VARIABLE_SCOPE_BEGIN|[24]|project|Project__c|true|false
15:05:03.0 (1957705)|VARIABLE_ASSIGNMENT|[24]|project|{"Description__c":"lalalalallalaa","Id":"a011U000001pYFZQA2","Status__c":"Ongoing","Name":"test project 2"}|0x49633b5b
15:05:03.0 (1968983)|STATEMENT_EXECUTE|[25]
15:05:03.0 (1973206)|STATEMENT_EXECUTE|[26]
15:05:03.0 (1982125)|HEAP_ALLOCATE|[26]|Bytes:193
15:05:03.0 (2003770)|HEAP_ALLOCATE|[26]|Bytes:4
15:05:03.0 (2017803)|HEAP_ALLOCATE|[26]|Bytes:7
15:05:03.0 (2094951)|HEAP_ALLOCATE|[50]|Bytes:5
15:05:03.0 (2130248)|HEAP_ALLOCATE|[56]|Bytes:5
15:05:03.0 (2136710)|HEAP_ALLOCATE|[64]|Bytes:7
15:05:03.0 (2673482)|SOQL_EXECUTE_BEGIN|[26]|Aggregations:0|SELECT Id, Name, Title__c, LastModifiedDate, Project__c, Description__c, Preconditions__c, User_Story__c FROM Test_Case__c WHERE Project__c = :tmpVar1 ORDER BY LastModifiedDate DESC NULLS FIRST
15:05:03.0 (6465171)|SOQL_EXECUTE_END|[26]|Rows:6
15:05:03.0 (6489490)|HEAP_ALLOCATE|[26]|Bytes:28
15:05:03.0 (6511176)|HEAP_ALLOCATE|[26]|Bytes:1156
15:05:03.0 (6613149)|HEAP_ALLOCATE|[26]|Bytes:28
15:05:03.0 (6630452)|SYSTEM_MODE_EXIT|false
15:05:03.6 (6659359)|CUMULATIVE_LIMIT_USAGE
15:05:03.6 (6659359)|LIMIT_USAGE_FOR_NS|(default)|
  Number of SOQL queries: 1 out of 100
  Number of query rows: 6 out of 50000
  Number of SOSL queries: 0 out of 20
  Number of DML statements: 0 out of 150
  Number of DML rows: 0 out of 10000
  Maximum CPU time: 0 out of 10000
  Maximum heap size: 0 out of 6000000
  Number of callouts: 0 out of 100
  Number of Email Invocations: 0 out of 10
  Number of future calls: 0 out of 50
  Number of queueable jobs added to the queue: 0 out of 50
  Number of Mobile Apex push calls: 0 out of 10

15:05:03.6 (6659359)|CUMULATIVE_LIMIT_USAGE_END

15:05:03.0 (6689179)|CODE_UNIT_FINISHED|projectTileController.getCases(Project__c)
15:05:03.0 (6838291)|CODE_UNIT_FINISHED|Aura
15:05:03.0 (7871612)|EXECUTION_FINISHED
