44.0 APEX_CODE,FINEST;APEX_PROFILING,INFO;CALLOUT,INFO;DB,INFO;NBA,INFO;SYSTEM,DEBUG;VALIDATION,INFO;VISUALFORCE,INFO;WAVE,INFO;WORKFLOW,INFO
15:22:24.0 (88750)|USER_INFO|[EXTERNAL]|0051U000000NOIC|rperez@altimetrik.com|Hora de Argentina|GMT-03:00
15:22:24.0 (123217)|EXECUTION_STARTED
15:22:24.0 (129675)|CODE_UNIT_STARTED|[EXTERNAL]|Aura
15:22:24.0 (1556768)|CODE_UNIT_STARTED|[EXTERNAL]|01p1U000002RkvZ|projectTileController.getCases(Project__c)
15:22:24.0 (1803503)|HEAP_ALLOCATE|[72]|Bytes:3
15:22:24.0 (1873003)|HEAP_ALLOCATE|[77]|Bytes:152
15:22:24.0 (1895607)|HEAP_ALLOCATE|[342]|Bytes:408
15:22:24.0 (1921157)|HEAP_ALLOCATE|[355]|Bytes:408
15:22:24.0 (1947009)|HEAP_ALLOCATE|[467]|Bytes:48
15:22:24.0 (1983472)|HEAP_ALLOCATE|[139]|Bytes:6
15:22:24.0 (2068956)|HEAP_ALLOCATE|[EXTERNAL]|Bytes:10
15:22:24.0 (2085916)|METHOD_ENTRY|[1]|01p1U000002RkvZ|projectTileController.projectTileController()
15:22:24.0 (2098028)|STATEMENT_EXECUTE|[1]
15:22:24.0 (2104191)|STATEMENT_EXECUTE|[1]
15:22:24.0 (2109604)|METHOD_EXIT|[1]|projectTileController
15:22:24.0 (2133386)|HEAP_ALLOCATE|[EXTERNAL]|Bytes:16
15:22:24.0 (2161093)|SYSTEM_MODE_ENTER|false
15:22:24.0 (2170793)|VARIABLE_SCOPE_BEGIN|[24]|project|Project__c|true|false
15:22:24.0 (2221684)|VARIABLE_ASSIGNMENT|[24]|project|{"Id":"a011U000001r489QAA","Status__c":"Ongoing","Name":"test project 6"}|0x220675ee
15:22:24.0 (2240335)|STATEMENT_EXECUTE|[25]
15:22:24.0 (2243928)|STATEMENT_EXECUTE|[26]
15:22:24.0 (2250546)|HEAP_ALLOCATE|[26]|Bytes:193
15:22:24.0 (2282717)|HEAP_ALLOCATE|[26]|Bytes:4
15:22:24.0 (2303082)|HEAP_ALLOCATE|[26]|Bytes:7
15:22:24.0 (2430807)|HEAP_ALLOCATE|[50]|Bytes:5
15:22:24.0 (2468717)|HEAP_ALLOCATE|[56]|Bytes:5
15:22:24.0 (2480003)|HEAP_ALLOCATE|[64]|Bytes:7
15:22:24.0 (3098618)|SOQL_EXECUTE_BEGIN|[26]|Aggregations:0|SELECT Id, Name, Title__c, LastModifiedDate, Project__c, Description__c, Preconditions__c, User_Story__c FROM Test_Case__c WHERE Project__c = :tmpVar1 ORDER BY LastModifiedDate DESC NULLS FIRST
15:22:24.0 (10444708)|SOQL_EXECUTE_END|[26]|Rows:0
15:22:24.0 (10491669)|HEAP_ALLOCATE|[26]|Bytes:4
15:22:24.0 (10517911)|HEAP_ALLOCATE|[26]|Bytes:0
15:22:24.0 (10665963)|HEAP_ALLOCATE|[26]|Bytes:4
15:22:24.0 (10691048)|SYSTEM_MODE_EXIT|false
15:22:24.10 (10723511)|CUMULATIVE_LIMIT_USAGE
15:22:24.10 (10723511)|LIMIT_USAGE_FOR_NS|(default)|
  Number of SOQL queries: 1 out of 100
  Number of query rows: 0 out of 50000
  Number of SOSL queries: 0 out of 20
  Number of DML statements: 0 out of 150
  Number of DML rows: 0 out of 10000
  Maximum CPU time: 0 out of 10000
  Maximum heap size: 0 out of 6000000
  Number of callouts: 0 out of 100
  Number of Email Invocations: 0 out of 10
  Number of future calls: 0 out of 50
  Number of queueable jobs added to the queue: 0 out of 50
  Number of Mobile Apex push calls: 0 out of 10

15:22:24.10 (10723511)|CUMULATIVE_LIMIT_USAGE_END

15:22:24.0 (10763431)|CODE_UNIT_FINISHED|projectTileController.getCases(Project__c)
15:22:24.0 (10832684)|CODE_UNIT_FINISHED|Aura
15:22:24.0 (11856869)|EXECUTION_FINISHED
