44.0 APEX_CODE,FINEST;APEX_PROFILING,INFO;CALLOUT,INFO;DB,INFO;NBA,INFO;SYSTEM,DEBUG;VALIDATION,INFO;VISUALFORCE,INFO;WAVE,INFO;WORKFLOW,INFO
14:53:28.0 (365665)|USER_INFO|[EXTERNAL]|0051U000000NOIC|rperez@altimetrik.com|Hora de Argentina|GMT-03:00
14:53:28.0 (406161)|EXECUTION_STARTED
14:53:28.0 (410835)|CODE_UNIT_STARTED|[EXTERNAL]|Aura
14:53:28.0 (2771823)|CODE_UNIT_STARTED|[EXTERNAL]|01p1U000002RkvZ|projectTileController.getCases(Project__c)
14:53:28.0 (2981261)|HEAP_ALLOCATE|[72]|Bytes:3
14:53:28.0 (3036457)|HEAP_ALLOCATE|[77]|Bytes:152
14:53:28.0 (3051780)|HEAP_ALLOCATE|[342]|Bytes:408
14:53:28.0 (3064887)|HEAP_ALLOCATE|[355]|Bytes:408
14:53:28.0 (3076024)|HEAP_ALLOCATE|[467]|Bytes:48
14:53:28.0 (3102973)|HEAP_ALLOCATE|[139]|Bytes:6
14:53:28.0 (3158945)|HEAP_ALLOCATE|[EXTERNAL]|Bytes:10
14:53:28.0 (3172416)|METHOD_ENTRY|[1]|01p1U000002RkvZ|projectTileController.projectTileController()
14:53:28.0 (3180356)|STATEMENT_EXECUTE|[1]
14:53:28.0 (3185341)|STATEMENT_EXECUTE|[1]
14:53:28.0 (3189394)|METHOD_EXIT|[1]|projectTileController
14:53:28.0 (3209056)|HEAP_ALLOCATE|[EXTERNAL]|Bytes:20
14:53:28.0 (3222624)|SYSTEM_MODE_ENTER|false
14:53:28.0 (3231959)|VARIABLE_SCOPE_BEGIN|[24]|project|Project__c|true|false
14:53:28.0 (3278189)|VARIABLE_ASSIGNMENT|[24]|project|{"Description__c":"lalalalallalaa","Id":"a011U000001pYFZQA2","Status__c":"Ongoing","Name":"test project 2"}|0x65ed823d
14:53:28.0 (3293863)|STATEMENT_EXECUTE|[25]
14:53:28.0 (3296445)|STATEMENT_EXECUTE|[26]
14:53:28.0 (3303970)|HEAP_ALLOCATE|[26]|Bytes:193
14:53:28.0 (3328581)|HEAP_ALLOCATE|[26]|Bytes:4
14:53:28.0 (3341135)|HEAP_ALLOCATE|[26]|Bytes:7
14:53:28.0 (3428950)|HEAP_ALLOCATE|[50]|Bytes:5
14:53:28.0 (3455026)|HEAP_ALLOCATE|[56]|Bytes:5
14:53:28.0 (3462038)|HEAP_ALLOCATE|[64]|Bytes:7
14:53:28.0 (4510718)|SOQL_EXECUTE_BEGIN|[26]|Aggregations:0|SELECT Id, Name, Title__c, LastModifiedDate, Project__c, Description__c, Preconditions__c, User_Story__c FROM Test_Case__c WHERE Project__c = :tmpVar1 ORDER BY LastModifiedDate DESC NULLS FIRST
14:53:28.0 (10851688)|SOQL_EXECUTE_END|[26]|Rows:6
14:53:28.0 (10887459)|HEAP_ALLOCATE|[26]|Bytes:28
14:53:28.0 (10923895)|HEAP_ALLOCATE|[26]|Bytes:1156
14:53:28.0 (11026224)|HEAP_ALLOCATE|[26]|Bytes:28
14:53:28.0 (11049049)|SYSTEM_MODE_EXIT|false
14:53:28.11 (11082399)|CUMULATIVE_LIMIT_USAGE
14:53:28.11 (11082399)|LIMIT_USAGE_FOR_NS|(default)|
  Number of SOQL queries: 1 out of 100
  Number of query rows: 6 out of 50000
  Number of SOSL queries: 0 out of 20
  Number of DML statements: 0 out of 150
  Number of DML rows: 0 out of 10000
  Maximum CPU time: 0 out of 10000
  Maximum heap size: 0 out of 6000000
  Number of callouts: 0 out of 100
  Number of Email Invocations: 0 out of 10
  Number of future calls: 0 out of 50
  Number of queueable jobs added to the queue: 0 out of 50
  Number of Mobile Apex push calls: 0 out of 10

14:53:28.11 (11082399)|CUMULATIVE_LIMIT_USAGE_END

14:53:28.0 (11116852)|CODE_UNIT_FINISHED|projectTileController.getCases(Project__c)
14:53:28.0 (11295676)|CODE_UNIT_FINISHED|Aura
14:53:28.0 (12252585)|EXECUTION_FINISHED
