44.0 APEX_CODE,FINEST;APEX_PROFILING,INFO;CALLOUT,INFO;DB,INFO;NBA,INFO;SYSTEM,DEBUG;VALIDATION,INFO;VISUALFORCE,INFO;WAVE,INFO;WORKFLOW,INFO
17:42:24.0 (122457)|USER_INFO|[EXTERNAL]|0051U000000NOIC|rperez@altimetrik.com|Hora de Argentina|GMT-03:00
17:42:24.0 (157766)|EXECUTION_STARTED
17:42:24.0 (162968)|CODE_UNIT_STARTED|[EXTERNAL]|Aura
17:42:24.0 (836174)|HEAP_ALLOCATE|[72]|Bytes:3
17:42:24.0 (908987)|HEAP_ALLOCATE|[77]|Bytes:152
17:42:24.0 (923348)|HEAP_ALLOCATE|[342]|Bytes:408
17:42:24.0 (935152)|HEAP_ALLOCATE|[355]|Bytes:408
17:42:24.0 (946712)|HEAP_ALLOCATE|[467]|Bytes:48
17:42:24.0 (972732)|HEAP_ALLOCATE|[139]|Bytes:6
17:42:24.0 (987120)|HEAP_ALLOCATE|[EXTERNAL]|Bytes:18
17:42:24.0 (1010250)|HEAP_ALLOCATE|[EXTERNAL]|Bytes:4
17:42:24.0 (1679566)|CODE_UNIT_STARTED|[EXTERNAL]|01p1U000003SMyj|testCaseStepsController.getSteps(Id)
17:42:24.0 (1798052)|HEAP_ALLOCATE|[EXTERNAL]|Bytes:1
17:42:24.0 (1895893)|METHOD_ENTRY|[1]|01p1U000003SMyj|testCaseStepsController.testCaseStepsController()
17:42:24.0 (1908406)|STATEMENT_EXECUTE|[1]
17:42:24.0 (1914093)|STATEMENT_EXECUTE|[1]
17:42:24.0 (1919633)|METHOD_EXIT|[1]|testCaseStepsController
17:42:24.0 (1926261)|HEAP_ALLOCATE|[EXTERNAL]|Bytes:4
17:42:24.0 (1940657)|SYSTEM_MODE_ENTER|false
17:42:24.0 (1948032)|VARIABLE_SCOPE_BEGIN|[3]|recordCase|Id|false|false
17:42:24.0 (2261884)|VARIABLE_ASSIGNMENT|[3]|recordCase|"a001U000000rj7fQAA"
17:42:24.0 (2278047)|STATEMENT_EXECUTE|[4]
17:42:24.0 (2280788)|STATEMENT_EXECUTE|[5]
17:42:24.0 (2288616)|HEAP_ALLOCATE|[5]|Bytes:82
17:42:24.0 (2318785)|HEAP_ALLOCATE|[5]|Bytes:4
17:42:24.0 (2333877)|HEAP_ALLOCATE|[5]|Bytes:7
17:42:24.0 (2385781)|HEAP_ALLOCATE|[50]|Bytes:5
17:42:24.0 (2414010)|HEAP_ALLOCATE|[56]|Bytes:5
17:42:24.0 (2421306)|HEAP_ALLOCATE|[64]|Bytes:7
17:42:24.0 (2846653)|SOQL_EXECUTE_BEGIN|[5]|Aggregations:0|SELECT Id, Name, Test_Case__c FROM Test_Case_Step__c WHERE Test_Case__c = :tmpVar1
17:42:24.0 (5483612)|SOQL_EXECUTE_END|[5]|Rows:2
17:42:24.0 (5517054)|HEAP_ALLOCATE|[5]|Bytes:12
17:42:24.0 (5539096)|HEAP_ALLOCATE|[5]|Bytes:166
17:42:24.0 (5652412)|HEAP_ALLOCATE|[5]|Bytes:12
17:42:24.0 (5672733)|SYSTEM_MODE_EXIT|false
17:42:24.5 (5705529)|CUMULATIVE_LIMIT_USAGE
17:42:24.5 (5705529)|LIMIT_USAGE_FOR_NS|(default)|
  Number of SOQL queries: 1 out of 100
  Number of query rows: 2 out of 50000
  Number of SOSL queries: 0 out of 20
  Number of DML statements: 0 out of 150
  Number of DML rows: 0 out of 10000
  Maximum CPU time: 0 out of 10000
  Maximum heap size: 0 out of 6000000
  Number of callouts: 0 out of 100
  Number of Email Invocations: 0 out of 10
  Number of future calls: 0 out of 50
  Number of queueable jobs added to the queue: 0 out of 50
  Number of Mobile Apex push calls: 0 out of 10

17:42:24.5 (5705529)|CUMULATIVE_LIMIT_USAGE_END

17:42:24.0 (5748655)|CODE_UNIT_FINISHED|testCaseStepsController.getSteps(Id)
17:42:24.0 (5833447)|CODE_UNIT_FINISHED|Aura
17:42:24.0 (6794581)|EXECUTION_FINISHED
