44.0 APEX_CODE,FINEST;APEX_PROFILING,INFO;CALLOUT,INFO;DB,INFO;NBA,INFO;SYSTEM,DEBUG;VALIDATION,INFO;VISUALFORCE,INFO;WAVE,INFO;WORKFLOW,INFO
17:26:24.0 (224390)|USER_INFO|[EXTERNAL]|0051U000000NOIC|rperez@altimetrik.com|Hora de Argentina|GMT-03:00
17:26:24.0 (303692)|EXECUTION_STARTED
17:26:24.0 (313667)|CODE_UNIT_STARTED|[EXTERNAL]|Aura
17:26:24.0 (1170606)|HEAP_ALLOCATE|[72]|Bytes:3
17:26:24.0 (1263924)|HEAP_ALLOCATE|[77]|Bytes:152
17:26:24.0 (1286048)|HEAP_ALLOCATE|[342]|Bytes:408
17:26:24.0 (1307598)|HEAP_ALLOCATE|[355]|Bytes:408
17:26:24.0 (1327116)|HEAP_ALLOCATE|[467]|Bytes:48
17:26:24.0 (1364901)|HEAP_ALLOCATE|[139]|Bytes:6
17:26:24.0 (1394240)|HEAP_ALLOCATE|[EXTERNAL]|Bytes:18
17:26:24.0 (1431721)|HEAP_ALLOCATE|[EXTERNAL]|Bytes:4
17:26:24.0 (2224025)|CODE_UNIT_STARTED|[EXTERNAL]|01p1U000003SMyj|testCaseStepsController.getSteps(Id)
17:26:24.0 (2383505)|HEAP_ALLOCATE|[EXTERNAL]|Bytes:1
17:26:24.0 (2420999)|METHOD_ENTRY|[1]|01p1U000003SMyj|testCaseStepsController.testCaseStepsController()
17:26:24.0 (2438880)|STATEMENT_EXECUTE|[1]
17:26:24.0 (2452734)|STATEMENT_EXECUTE|[1]
17:26:24.0 (2462574)|METHOD_EXIT|[1]|testCaseStepsController
17:26:24.0 (2473398)|HEAP_ALLOCATE|[EXTERNAL]|Bytes:4
17:26:24.0 (2497678)|SYSTEM_MODE_ENTER|false
17:26:24.0 (2525560)|VARIABLE_SCOPE_BEGIN|[3]|recordCase|Id|false|false
17:26:24.0 (2983925)|VARIABLE_ASSIGNMENT|[3]|recordCase|"a001U000000rj7fQAA"
17:26:24.0 (3021944)|STATEMENT_EXECUTE|[4]
17:26:24.0 (3026028)|STATEMENT_EXECUTE|[5]
17:26:24.0 (3042551)|HEAP_ALLOCATE|[5]|Bytes:82
17:26:24.0 (3079679)|HEAP_ALLOCATE|[5]|Bytes:4
17:26:24.0 (3098123)|HEAP_ALLOCATE|[5]|Bytes:7
17:26:24.0 (3190496)|HEAP_ALLOCATE|[50]|Bytes:5
17:26:24.0 (3230396)|HEAP_ALLOCATE|[56]|Bytes:5
17:26:24.0 (3239543)|HEAP_ALLOCATE|[64]|Bytes:7
17:26:24.0 (3746262)|SOQL_EXECUTE_BEGIN|[5]|Aggregations:0|SELECT Id, Name, Test_Case__c FROM Test_Case_Step__c WHERE Test_Case__c = :tmpVar1
17:26:24.0 (7175225)|SOQL_EXECUTE_END|[5]|Rows:0
17:26:24.0 (7213175)|HEAP_ALLOCATE|[5]|Bytes:4
17:26:24.0 (7231070)|HEAP_ALLOCATE|[5]|Bytes:0
17:26:24.0 (7398537)|HEAP_ALLOCATE|[5]|Bytes:4
17:26:24.0 (7419326)|SYSTEM_MODE_EXIT|false
17:26:24.7 (7452159)|CUMULATIVE_LIMIT_USAGE
17:26:24.7 (7452159)|LIMIT_USAGE_FOR_NS|(default)|
  Number of SOQL queries: 1 out of 100
  Number of query rows: 0 out of 50000
  Number of SOSL queries: 0 out of 20
  Number of DML statements: 0 out of 150
  Number of DML rows: 0 out of 10000
  Maximum CPU time: 0 out of 10000
  Maximum heap size: 0 out of 6000000
  Number of callouts: 0 out of 100
  Number of Email Invocations: 0 out of 10
  Number of future calls: 0 out of 50
  Number of queueable jobs added to the queue: 0 out of 50
  Number of Mobile Apex push calls: 0 out of 10

17:26:24.7 (7452159)|CUMULATIVE_LIMIT_USAGE_END

17:26:24.0 (7503019)|CODE_UNIT_FINISHED|testCaseStepsController.getSteps(Id)
17:26:24.0 (7585099)|CODE_UNIT_FINISHED|Aura
17:26:24.0 (8697322)|EXECUTION_FINISHED
