44.0 APEX_CODE,FINEST;APEX_PROFILING,INFO;CALLOUT,INFO;DB,INFO;NBA,INFO;SYSTEM,DEBUG;VALIDATION,INFO;VISUALFORCE,INFO;WAVE,INFO;WORKFLOW,INFO
17:35:05.0 (118647)|USER_INFO|[EXTERNAL]|0051U000000NOIC|rperez@altimetrik.com|Hora de Argentina|GMT-03:00
17:35:05.0 (155890)|EXECUTION_STARTED
17:35:05.0 (162144)|CODE_UNIT_STARTED|[EXTERNAL]|Aura
17:35:05.0 (667840)|HEAP_ALLOCATE|[72]|Bytes:3
17:35:05.0 (727779)|HEAP_ALLOCATE|[77]|Bytes:152
17:35:05.0 (741932)|HEAP_ALLOCATE|[342]|Bytes:408
17:35:05.0 (753309)|HEAP_ALLOCATE|[355]|Bytes:408
17:35:05.0 (764538)|HEAP_ALLOCATE|[467]|Bytes:48
17:35:05.0 (787244)|HEAP_ALLOCATE|[139]|Bytes:6
17:35:05.0 (799364)|HEAP_ALLOCATE|[EXTERNAL]|Bytes:18
17:35:05.0 (811261)|HEAP_ALLOCATE|[EXTERNAL]|Bytes:4
17:35:05.0 (1594879)|CODE_UNIT_STARTED|[EXTERNAL]|01p1U000003SMyj|testCaseStepsController.getSteps(Id)
17:35:05.0 (1696927)|HEAP_ALLOCATE|[EXTERNAL]|Bytes:1
17:35:05.0 (1713378)|METHOD_ENTRY|[1]|01p1U000003SMyj|testCaseStepsController.testCaseStepsController()
17:35:05.0 (1719302)|STATEMENT_EXECUTE|[1]
17:35:05.0 (1726754)|STATEMENT_EXECUTE|[1]
17:35:05.0 (1731405)|METHOD_EXIT|[1]|testCaseStepsController
17:35:05.0 (1737226)|HEAP_ALLOCATE|[EXTERNAL]|Bytes:4
17:35:05.0 (1750815)|SYSTEM_MODE_ENTER|false
17:35:05.0 (1758497)|VARIABLE_SCOPE_BEGIN|[3]|recordCase|Id|false|false
17:35:05.0 (2045976)|VARIABLE_ASSIGNMENT|[3]|recordCase|"a001U000000rj7fQAA"
17:35:05.0 (2060538)|STATEMENT_EXECUTE|[4]
17:35:05.0 (2063175)|STATEMENT_EXECUTE|[5]
17:35:05.0 (2079555)|HEAP_ALLOCATE|[5]|Bytes:82
17:35:05.0 (2107018)|HEAP_ALLOCATE|[5]|Bytes:4
17:35:05.0 (2121482)|HEAP_ALLOCATE|[5]|Bytes:7
17:35:05.0 (2164105)|HEAP_ALLOCATE|[50]|Bytes:5
17:35:05.0 (2192476)|HEAP_ALLOCATE|[56]|Bytes:5
17:35:05.0 (2199471)|HEAP_ALLOCATE|[64]|Bytes:7
17:35:05.0 (2666702)|SOQL_EXECUTE_BEGIN|[5]|Aggregations:0|SELECT Id, Name, Test_Case__c FROM Test_Case_Step__c WHERE Test_Case__c = :tmpVar1
17:35:05.0 (6566211)|SOQL_EXECUTE_END|[5]|Rows:1
17:35:05.0 (6597491)|HEAP_ALLOCATE|[5]|Bytes:8
17:35:05.0 (6620191)|HEAP_ALLOCATE|[5]|Bytes:83
17:35:05.0 (6740394)|HEAP_ALLOCATE|[5]|Bytes:8
17:35:05.0 (6761687)|SYSTEM_MODE_EXIT|false
17:35:05.6 (6786337)|CUMULATIVE_LIMIT_USAGE
17:35:05.6 (6786337)|LIMIT_USAGE_FOR_NS|(default)|
  Number of SOQL queries: 1 out of 100
  Number of query rows: 1 out of 50000
  Number of SOSL queries: 0 out of 20
  Number of DML statements: 0 out of 150
  Number of DML rows: 0 out of 10000
  Maximum CPU time: 0 out of 10000
  Maximum heap size: 0 out of 6000000
  Number of callouts: 0 out of 100
  Number of Email Invocations: 0 out of 10
  Number of future calls: 0 out of 50
  Number of queueable jobs added to the queue: 0 out of 50
  Number of Mobile Apex push calls: 0 out of 10

17:35:05.6 (6786337)|CUMULATIVE_LIMIT_USAGE_END

17:35:05.0 (6835552)|CODE_UNIT_FINISHED|testCaseStepsController.getSteps(Id)
17:35:05.0 (6905110)|CODE_UNIT_FINISHED|Aura
17:35:05.0 (7823371)|EXECUTION_FINISHED
