44.0 APEX_CODE,FINEST;APEX_PROFILING,INFO;CALLOUT,INFO;DB,INFO;NBA,INFO;SYSTEM,DEBUG;VALIDATION,INFO;VISUALFORCE,INFO;WAVE,INFO;WORKFLOW,INFO
17:25:49.0 (112340)|USER_INFO|[EXTERNAL]|0051U000000NOIC|rperez@altimetrik.com|Hora de Argentina|GMT-03:00
17:25:49.0 (157652)|EXECUTION_STARTED
17:25:49.0 (162441)|CODE_UNIT_STARTED|[EXTERNAL]|Aura
17:25:49.0 (778175)|HEAP_ALLOCATE|[72]|Bytes:3
17:25:49.0 (840752)|HEAP_ALLOCATE|[77]|Bytes:152
17:25:49.0 (856254)|HEAP_ALLOCATE|[342]|Bytes:408
17:25:49.0 (869426)|HEAP_ALLOCATE|[355]|Bytes:408
17:25:49.0 (881942)|HEAP_ALLOCATE|[467]|Bytes:48
17:25:49.0 (909566)|HEAP_ALLOCATE|[139]|Bytes:6
17:25:49.0 (924969)|HEAP_ALLOCATE|[EXTERNAL]|Bytes:18
17:25:49.0 (937489)|HEAP_ALLOCATE|[EXTERNAL]|Bytes:4
17:25:49.0 (1843616)|CODE_UNIT_STARTED|[EXTERNAL]|01p1U000003SMyj|testCaseStepsController.getSteps(Id)
17:25:49.0 (1951990)|HEAP_ALLOCATE|[EXTERNAL]|Bytes:1
17:25:49.0 (1969904)|METHOD_ENTRY|[1]|01p1U000003SMyj|testCaseStepsController.testCaseStepsController()
17:25:49.0 (1984298)|STATEMENT_EXECUTE|[1]
17:25:49.0 (1990200)|STATEMENT_EXECUTE|[1]
17:25:49.0 (1994755)|METHOD_EXIT|[1]|testCaseStepsController
17:25:49.0 (2001811)|HEAP_ALLOCATE|[EXTERNAL]|Bytes:4
17:25:49.0 (2014739)|SYSTEM_MODE_ENTER|false
17:25:49.0 (2022196)|VARIABLE_SCOPE_BEGIN|[3]|recordCase|Id|false|false
17:25:49.0 (2310602)|VARIABLE_ASSIGNMENT|[3]|recordCase|"a001U000000rj7fQAA"
17:25:49.0 (2326382)|STATEMENT_EXECUTE|[4]
17:25:49.0 (2328859)|STATEMENT_EXECUTE|[5]
17:25:49.0 (2335788)|HEAP_ALLOCATE|[5]|Bytes:82
17:25:49.0 (2366897)|HEAP_ALLOCATE|[5]|Bytes:4
17:25:49.0 (2380388)|HEAP_ALLOCATE|[5]|Bytes:7
17:25:49.0 (2454787)|HEAP_ALLOCATE|[50]|Bytes:5
17:25:49.0 (2480557)|HEAP_ALLOCATE|[56]|Bytes:5
17:25:49.0 (2489217)|HEAP_ALLOCATE|[64]|Bytes:7
17:25:49.0 (2892098)|SOQL_EXECUTE_BEGIN|[5]|Aggregations:0|SELECT Id, Name, Test_Case__c FROM Test_Case_Step__c WHERE Test_Case__c = :tmpVar1
17:25:49.0 (5831728)|SOQL_EXECUTE_END|[5]|Rows:0
17:25:49.0 (5862516)|HEAP_ALLOCATE|[5]|Bytes:4
17:25:49.0 (5878430)|HEAP_ALLOCATE|[5]|Bytes:0
17:25:49.0 (5972612)|HEAP_ALLOCATE|[5]|Bytes:4
17:25:49.0 (5991257)|SYSTEM_MODE_EXIT|false
17:25:49.6 (6020903)|CUMULATIVE_LIMIT_USAGE
17:25:49.6 (6020903)|LIMIT_USAGE_FOR_NS|(default)|
  Number of SOQL queries: 1 out of 100
  Number of query rows: 0 out of 50000
  Number of SOSL queries: 0 out of 20
  Number of DML statements: 0 out of 150
  Number of DML rows: 0 out of 10000
  Maximum CPU time: 0 out of 10000
  Maximum heap size: 0 out of 6000000
  Number of callouts: 0 out of 100
  Number of Email Invocations: 0 out of 10
  Number of future calls: 0 out of 50
  Number of queueable jobs added to the queue: 0 out of 50
  Number of Mobile Apex push calls: 0 out of 10

17:25:49.6 (6020903)|CUMULATIVE_LIMIT_USAGE_END

17:25:49.0 (6070358)|CODE_UNIT_FINISHED|testCaseStepsController.getSteps(Id)
17:25:49.0 (6122060)|CODE_UNIT_FINISHED|Aura
17:25:49.0 (7115551)|EXECUTION_FINISHED
