44.0 APEX_CODE,FINEST;APEX_PROFILING,INFO;CALLOUT,INFO;DB,INFO;NBA,INFO;SYSTEM,DEBUG;VALIDATION,INFO;VISUALFORCE,INFO;WAVE,INFO;WORKFLOW,INFO
15:03:00.0 (109236)|USER_INFO|[EXTERNAL]|0051U000000NOIC|rperez@altimetrik.com|Hora de Argentina|GMT-03:00
15:03:00.0 (148337)|EXECUTION_STARTED
15:03:00.0 (154341)|CODE_UNIT_STARTED|[EXTERNAL]|Aura
15:03:00.0 (1591101)|CODE_UNIT_STARTED|[EXTERNAL]|01p1U000002RkvZ|projectTileController.getCases(Project__c)
15:03:00.0 (1752441)|HEAP_ALLOCATE|[72]|Bytes:3
15:03:00.0 (1823982)|HEAP_ALLOCATE|[77]|Bytes:152
15:03:00.0 (1838517)|HEAP_ALLOCATE|[342]|Bytes:408
15:03:00.0 (1850235)|HEAP_ALLOCATE|[355]|Bytes:408
15:03:00.0 (1861090)|HEAP_ALLOCATE|[467]|Bytes:48
15:03:00.0 (1886979)|HEAP_ALLOCATE|[139]|Bytes:6
15:03:00.0 (1941083)|HEAP_ALLOCATE|[EXTERNAL]|Bytes:10
15:03:00.0 (1952308)|METHOD_ENTRY|[1]|01p1U000002RkvZ|projectTileController.projectTileController()
15:03:00.0 (1958294)|STATEMENT_EXECUTE|[1]
15:03:00.0 (1962940)|STATEMENT_EXECUTE|[1]
15:03:00.0 (1966465)|METHOD_EXIT|[1]|projectTileController
15:03:00.0 (1981310)|HEAP_ALLOCATE|[EXTERNAL]|Bytes:20
15:03:00.0 (1993380)|SYSTEM_MODE_ENTER|false
15:03:00.0 (2004432)|VARIABLE_SCOPE_BEGIN|[24]|project|Project__c|true|false
15:03:00.0 (2056733)|VARIABLE_ASSIGNMENT|[24]|project|{"Description__c":"lalalalallalaa","Id":"a011U000001pYFZQA2","Status__c":"Ongoing","Name":"test project 2"}|0xc68de8d
15:03:00.0 (2066569)|STATEMENT_EXECUTE|[25]
15:03:00.0 (2069035)|STATEMENT_EXECUTE|[26]
15:03:00.0 (2077974)|HEAP_ALLOCATE|[26]|Bytes:193
15:03:00.0 (2093125)|HEAP_ALLOCATE|[26]|Bytes:4
15:03:00.0 (2103150)|HEAP_ALLOCATE|[26]|Bytes:7
15:03:00.0 (2161808)|HEAP_ALLOCATE|[50]|Bytes:5
15:03:00.0 (2181117)|HEAP_ALLOCATE|[56]|Bytes:5
15:03:00.0 (2188212)|HEAP_ALLOCATE|[64]|Bytes:7
15:03:00.0 (2782257)|SOQL_EXECUTE_BEGIN|[26]|Aggregations:0|SELECT Id, Name, Title__c, LastModifiedDate, Project__c, Description__c, Preconditions__c, User_Story__c FROM Test_Case__c WHERE Project__c = :tmpVar1 ORDER BY LastModifiedDate DESC NULLS FIRST
15:03:00.0 (6816142)|SOQL_EXECUTE_END|[26]|Rows:6
15:03:00.0 (6845948)|HEAP_ALLOCATE|[26]|Bytes:28
15:03:00.0 (6869987)|HEAP_ALLOCATE|[26]|Bytes:1156
15:03:00.0 (6966015)|HEAP_ALLOCATE|[26]|Bytes:28
15:03:00.0 (6985124)|SYSTEM_MODE_EXIT|false
15:03:00.7 (7007271)|CUMULATIVE_LIMIT_USAGE
15:03:00.7 (7007271)|LIMIT_USAGE_FOR_NS|(default)|
  Number of SOQL queries: 1 out of 100
  Number of query rows: 6 out of 50000
  Number of SOSL queries: 0 out of 20
  Number of DML statements: 0 out of 150
  Number of DML rows: 0 out of 10000
  Maximum CPU time: 0 out of 10000
  Maximum heap size: 0 out of 6000000
  Number of callouts: 0 out of 100
  Number of Email Invocations: 0 out of 10
  Number of future calls: 0 out of 50
  Number of queueable jobs added to the queue: 0 out of 50
  Number of Mobile Apex push calls: 0 out of 10

15:03:00.7 (7007271)|CUMULATIVE_LIMIT_USAGE_END

15:03:00.0 (7039281)|CODE_UNIT_FINISHED|projectTileController.getCases(Project__c)
15:03:00.0 (7196378)|CODE_UNIT_FINISHED|Aura
15:03:00.0 (8222182)|EXECUTION_FINISHED
