44.0 APEX_CODE,FINEST;APEX_PROFILING,INFO;CALLOUT,INFO;DB,INFO;NBA,INFO;SYSTEM,DEBUG;VALIDATION,INFO;VISUALFORCE,INFO;WAVE,INFO;WORKFLOW,INFO
15:22:27.0 (93630)|USER_INFO|[EXTERNAL]|0051U000000NOIC|rperez@altimetrik.com|Hora de Argentina|GMT-03:00
15:22:27.0 (130860)|EXECUTION_STARTED
15:22:27.0 (136074)|CODE_UNIT_STARTED|[EXTERNAL]|Aura
15:22:27.0 (1472358)|CODE_UNIT_STARTED|[EXTERNAL]|01p1U000002RkvZ|projectTileController.getCases(Project__c)
15:22:27.0 (1681230)|HEAP_ALLOCATE|[72]|Bytes:3
15:22:27.0 (1738656)|HEAP_ALLOCATE|[77]|Bytes:152
15:22:27.0 (1755656)|HEAP_ALLOCATE|[342]|Bytes:408
15:22:27.0 (1772854)|HEAP_ALLOCATE|[355]|Bytes:408
15:22:27.0 (1787690)|HEAP_ALLOCATE|[467]|Bytes:48
15:22:27.0 (1816195)|HEAP_ALLOCATE|[139]|Bytes:6
15:22:27.0 (1876312)|HEAP_ALLOCATE|[EXTERNAL]|Bytes:10
15:22:27.0 (1889324)|METHOD_ENTRY|[1]|01p1U000002RkvZ|projectTileController.projectTileController()
15:22:27.0 (1898024)|STATEMENT_EXECUTE|[1]
15:22:27.0 (1902617)|STATEMENT_EXECUTE|[1]
15:22:27.0 (1907100)|METHOD_EXIT|[1]|projectTileController
15:22:27.0 (1925595)|HEAP_ALLOCATE|[EXTERNAL]|Bytes:16
15:22:27.0 (1938727)|SYSTEM_MODE_ENTER|false
15:22:27.0 (1948569)|VARIABLE_SCOPE_BEGIN|[24]|project|Project__c|true|false
15:22:27.0 (1991635)|VARIABLE_ASSIGNMENT|[24]|project|{"Id":"a011U000001r48AQAQ","Status__c":"Ongoing","Name":"test project 8"}|0x38681aa0
15:22:27.0 (2004766)|STATEMENT_EXECUTE|[25]
15:22:27.0 (2009744)|STATEMENT_EXECUTE|[26]
15:22:27.0 (2013664)|HEAP_ALLOCATE|[26]|Bytes:193
15:22:27.0 (2037622)|HEAP_ALLOCATE|[26]|Bytes:4
15:22:27.0 (2051415)|HEAP_ALLOCATE|[26]|Bytes:7
15:22:27.0 (2155556)|HEAP_ALLOCATE|[50]|Bytes:5
15:22:27.0 (2180970)|HEAP_ALLOCATE|[56]|Bytes:5
15:22:27.0 (2190299)|HEAP_ALLOCATE|[64]|Bytes:7
15:22:27.0 (2668551)|SOQL_EXECUTE_BEGIN|[26]|Aggregations:0|SELECT Id, Name, Title__c, LastModifiedDate, Project__c, Description__c, Preconditions__c, User_Story__c FROM Test_Case__c WHERE Project__c = :tmpVar1 ORDER BY LastModifiedDate DESC NULLS FIRST
15:22:27.0 (6805233)|SOQL_EXECUTE_END|[26]|Rows:0
15:22:27.0 (6836348)|HEAP_ALLOCATE|[26]|Bytes:4
15:22:27.0 (6849828)|HEAP_ALLOCATE|[26]|Bytes:0
15:22:27.0 (6960851)|HEAP_ALLOCATE|[26]|Bytes:4
15:22:27.0 (6978318)|SYSTEM_MODE_EXIT|false
15:22:27.7 (7010651)|CUMULATIVE_LIMIT_USAGE
15:22:27.7 (7010651)|LIMIT_USAGE_FOR_NS|(default)|
  Number of SOQL queries: 1 out of 100
  Number of query rows: 0 out of 50000
  Number of SOSL queries: 0 out of 20
  Number of DML statements: 0 out of 150
  Number of DML rows: 0 out of 10000
  Maximum CPU time: 0 out of 10000
  Maximum heap size: 0 out of 6000000
  Number of callouts: 0 out of 100
  Number of Email Invocations: 0 out of 10
  Number of future calls: 0 out of 50
  Number of queueable jobs added to the queue: 0 out of 50
  Number of Mobile Apex push calls: 0 out of 10

15:22:27.7 (7010651)|CUMULATIVE_LIMIT_USAGE_END

15:22:27.0 (7048332)|CODE_UNIT_FINISHED|projectTileController.getCases(Project__c)
15:22:27.0 (7104685)|CODE_UNIT_FINISHED|Aura
15:22:27.0 (8071642)|EXECUTION_FINISHED
