44.0 APEX_CODE,FINEST;APEX_PROFILING,INFO;CALLOUT,INFO;DB,INFO;NBA,INFO;SYSTEM,DEBUG;VALIDATION,INFO;VISUALFORCE,INFO;WAVE,INFO;WORKFLOW,INFO
17:46:34.0 (108425)|USER_INFO|[EXTERNAL]|0051U000000NOIC|rperez@altimetrik.com|Hora de Argentina|GMT-03:00
17:46:34.0 (144833)|EXECUTION_STARTED
17:46:34.0 (149588)|CODE_UNIT_STARTED|[EXTERNAL]|Aura
17:46:34.0 (753612)|HEAP_ALLOCATE|[72]|Bytes:3
17:46:34.0 (810431)|HEAP_ALLOCATE|[77]|Bytes:152
17:46:34.0 (825832)|HEAP_ALLOCATE|[342]|Bytes:408
17:46:34.0 (839382)|HEAP_ALLOCATE|[355]|Bytes:408
17:46:34.0 (851479)|HEAP_ALLOCATE|[467]|Bytes:48
17:46:34.0 (876119)|HEAP_ALLOCATE|[139]|Bytes:6
17:46:34.0 (890248)|HEAP_ALLOCATE|[EXTERNAL]|Bytes:18
17:46:34.0 (918446)|HEAP_ALLOCATE|[EXTERNAL]|Bytes:4
17:46:34.0 (1703051)|CODE_UNIT_STARTED|[EXTERNAL]|01p1U000003SMyj|testCaseStepsController.getSteps(Id)
17:46:34.0 (1811927)|HEAP_ALLOCATE|[EXTERNAL]|Bytes:1
17:46:34.0 (1829060)|METHOD_ENTRY|[1]|01p1U000003SMyj|testCaseStepsController.testCaseStepsController()
17:46:34.0 (1836310)|STATEMENT_EXECUTE|[1]
17:46:34.0 (1841802)|STATEMENT_EXECUTE|[1]
17:46:34.0 (1847802)|METHOD_EXIT|[1]|testCaseStepsController
17:46:34.0 (1853328)|HEAP_ALLOCATE|[EXTERNAL]|Bytes:4
17:46:34.0 (1866551)|SYSTEM_MODE_ENTER|false
17:46:34.0 (1874752)|VARIABLE_SCOPE_BEGIN|[3]|recordCase|Id|false|false
17:46:34.0 (2167956)|VARIABLE_ASSIGNMENT|[3]|recordCase|"a001U000000rj7fQAA"
17:46:34.0 (2183683)|STATEMENT_EXECUTE|[4]
17:46:34.0 (2186232)|STATEMENT_EXECUTE|[5]
17:46:34.0 (2195769)|HEAP_ALLOCATE|[5]|Bytes:82
17:46:34.0 (2225468)|HEAP_ALLOCATE|[5]|Bytes:4
17:46:34.0 (2241319)|HEAP_ALLOCATE|[5]|Bytes:7
17:46:34.0 (2306306)|HEAP_ALLOCATE|[50]|Bytes:5
17:46:34.0 (2333679)|HEAP_ALLOCATE|[56]|Bytes:5
17:46:34.0 (2342460)|HEAP_ALLOCATE|[64]|Bytes:7
17:46:34.0 (2816699)|SOQL_EXECUTE_BEGIN|[5]|Aggregations:0|SELECT Id, Name, Test_Case__c FROM Test_Case_Step__c WHERE Test_Case__c = :tmpVar1
17:46:34.0 (5741671)|SOQL_EXECUTE_END|[5]|Rows:2
17:46:34.0 (5770000)|HEAP_ALLOCATE|[5]|Bytes:12
17:46:34.0 (5796521)|HEAP_ALLOCATE|[5]|Bytes:166
17:46:34.0 (5894322)|HEAP_ALLOCATE|[5]|Bytes:12
17:46:34.0 (5913994)|SYSTEM_MODE_EXIT|false
17:46:34.5 (5937663)|CUMULATIVE_LIMIT_USAGE
17:46:34.5 (5937663)|LIMIT_USAGE_FOR_NS|(default)|
  Number of SOQL queries: 1 out of 100
  Number of query rows: 2 out of 50000
  Number of SOSL queries: 0 out of 20
  Number of DML statements: 0 out of 150
  Number of DML rows: 0 out of 10000
  Maximum CPU time: 0 out of 10000
  Maximum heap size: 0 out of 6000000
  Number of callouts: 0 out of 100
  Number of Email Invocations: 0 out of 10
  Number of future calls: 0 out of 50
  Number of queueable jobs added to the queue: 0 out of 50
  Number of Mobile Apex push calls: 0 out of 10

17:46:34.5 (5937663)|CUMULATIVE_LIMIT_USAGE_END

17:46:34.0 (5974970)|CODE_UNIT_FINISHED|testCaseStepsController.getSteps(Id)
17:46:34.0 (6048854)|CODE_UNIT_FINISHED|Aura
17:46:34.0 (7014679)|EXECUTION_FINISHED
