44.0 APEX_CODE,FINEST;APEX_PROFILING,INFO;CALLOUT,INFO;DB,INFO;NBA,INFO;SYSTEM,DEBUG;VALIDATION,INFO;VISUALFORCE,INFO;WAVE,INFO;WORKFLOW,INFO
15:27:35.0 (484563)|USER_INFO|[EXTERNAL]|0051U000000NOIC|rperez@altimetrik.com|Hora de Argentina|GMT-03:00
15:27:35.0 (536943)|EXECUTION_STARTED
15:27:35.0 (544662)|CODE_UNIT_STARTED|[EXTERNAL]|Aura
15:27:35.0 (2103048)|CODE_UNIT_STARTED|[EXTERNAL]|01p1U000002RkvZ|projectTileController.getProjects()
15:27:35.0 (2369152)|HEAP_ALLOCATE|[72]|Bytes:3
15:27:35.0 (2442539)|HEAP_ALLOCATE|[77]|Bytes:152
15:27:35.0 (2457085)|HEAP_ALLOCATE|[342]|Bytes:408
15:27:35.0 (2469865)|HEAP_ALLOCATE|[355]|Bytes:408
15:27:35.0 (2482578)|HEAP_ALLOCATE|[467]|Bytes:48
15:27:35.0 (2510844)|HEAP_ALLOCATE|[139]|Bytes:6
15:27:35.0 (2577423)|HEAP_ALLOCATE|[EXTERNAL]|Bytes:10
15:27:35.0 (2598964)|METHOD_ENTRY|[1]|01p1U000002RkvZ|projectTileController.projectTileController()
15:27:35.0 (2611373)|STATEMENT_EXECUTE|[1]
15:27:35.0 (2626923)|STATEMENT_EXECUTE|[1]
15:27:35.0 (2632738)|METHOD_EXIT|[1]|projectTileController
15:27:35.0 (2658315)|SYSTEM_MODE_ENTER|false
15:27:35.0 (2668757)|STATEMENT_EXECUTE|[3]
15:27:35.0 (2670935)|STATEMENT_EXECUTE|[4]
15:27:35.0 (2719106)|HEAP_ALLOCATE|[4]|Bytes:4
15:27:35.0 (2785116)|HEAP_ALLOCATE|[5]|Bytes:2
15:27:35.0 (2798681)|HEAP_ALLOCATE|[5]|Bytes:4
15:27:35.0 (2807214)|HEAP_ALLOCATE|[5]|Bytes:9
15:27:35.0 (2819217)|VARIABLE_SCOPE_BEGIN|[4]|fieldsToCheck|List<String>|true|false
15:27:35.0 (2859738)|HEAP_ALLOCATE|[EXTERNAL]|Bytes:16
15:27:35.0 (2939673)|VARIABLE_ASSIGNMENT|[4]|fieldsToCheck|["Id","Name","Status__c"]|0x2d8a9a80
15:27:35.0 (2950102)|STATEMENT_EXECUTE|[8]
15:27:35.0 (2959510)|HEAP_ALLOCATE|[9]|Bytes:10
15:27:35.0 (3022453)|HEAP_ALLOCATE|[50]|Bytes:5
15:27:35.0 (3050201)|HEAP_ALLOCATE|[56]|Bytes:5
15:27:35.0 (3058676)|HEAP_ALLOCATE|[64]|Bytes:7
15:27:35.0 (13290328)|HEAP_ALLOCATE|[9]|Bytes:4
15:27:35.0 (13656045)|HEAP_ALLOCATE|[9]|Bytes:56
15:27:35.0 (13674773)|VARIABLE_SCOPE_BEGIN|[8]|fieldDescribeTokens|Map<String,Schema.SObjectField>|true|false
15:27:35.0 (14148062)|VARIABLE_ASSIGNMENT|[8]|fieldDescribeTokens|"{createdbyid=CreatedById, createddate=CreatedDate, description__c=Description__c, id=Id, isdeleted=IsDeleted, lastmodifiedbyid=LastModifiedById, lastmodifieddate=LastModifiedDate, lastreferenceddate=LastReferencedDate, lastvieweddate=LastViewedDate, name=Name, ...}"|0x45ff6433
15:27:35.0 (14320215)|HEAP_ALLOCATE|[11]|Bytes:5
15:27:35.0 (14343826)|HEAP_ALLOCATE|[11]|Bytes:2
15:27:35.0 (14355360)|VARIABLE_SCOPE_BEGIN|[11]|field|String|false|false
15:27:35.0 (14375606)|VARIABLE_ASSIGNMENT|[11]|field|"Id"
15:27:35.0 (14383188)|STATEMENT_EXECUTE|[11]
15:27:35.0 (14639033)|HEAP_ALLOCATE|[EXTERNAL]|Bytes:4
15:27:35.0 (14733684)|HEAP_ALLOCATE|[12]|Bytes:8
15:27:35.0 (14768160)|STATEMENT_EXECUTE|[12]
15:27:35.0 (14784076)|HEAP_ALLOCATE|[11]|Bytes:5
15:27:35.0 (14795732)|HEAP_ALLOCATE|[11]|Bytes:4
15:27:35.0 (14805543)|VARIABLE_SCOPE_BEGIN|[11]|field|String|false|false
15:27:35.0 (14822701)|VARIABLE_ASSIGNMENT|[11]|field|"Name"
15:27:35.0 (14828961)|STATEMENT_EXECUTE|[11]
15:27:35.0 (15021816)|HEAP_ALLOCATE|[EXTERNAL]|Bytes:4
15:27:35.0 (15049676)|HEAP_ALLOCATE|[12]|Bytes:8
15:27:35.0 (15065052)|STATEMENT_EXECUTE|[12]
15:27:35.0 (15076178)|HEAP_ALLOCATE|[11]|Bytes:5
15:27:35.0 (15086863)|HEAP_ALLOCATE|[11]|Bytes:9
15:27:35.0 (15093563)|VARIABLE_SCOPE_BEGIN|[11]|field|String|false|false
15:27:35.0 (15110380)|VARIABLE_ASSIGNMENT|[11]|field|"Status__c"
15:27:35.0 (15116702)|STATEMENT_EXECUTE|[11]
15:27:35.0 (15623690)|HEAP_ALLOCATE|[EXTERNAL]|Bytes:4
15:27:35.0 (15664072)|HEAP_ALLOCATE|[12]|Bytes:8
15:27:35.0 (15700528)|STATEMENT_EXECUTE|[12]
15:27:35.0 (15714326)|HEAP_ALLOCATE|[11]|Bytes:5
15:27:35.0 (15731525)|VARIABLE_ASSIGNMENT|[11]|field|null
15:27:35.0 (15740812)|STATEMENT_EXECUTE|[17]
15:27:35.0 (15750560)|HEAP_ALLOCATE|[17]|Bytes:86
15:27:35.0 (15775353)|HEAP_ALLOCATE|[17]|Bytes:4
15:27:35.0 (16071153)|SOQL_EXECUTE_BEGIN|[17]|Aggregations:0|SELECT Id, Name, Status__c, Description__c FROM Project__c WHERE Status__c = 'Ongoing'
15:27:35.0 (20247993)|SOQL_EXECUTE_END|[17]|Rows:16
15:27:35.0 (20282191)|HEAP_ALLOCATE|[17]|Bytes:68
15:27:35.0 (20327953)|HEAP_ALLOCATE|[17]|Bytes:1173
15:27:35.0 (20402661)|HEAP_ALLOCATE|[17]|Bytes:68
15:27:35.0 (20422015)|SYSTEM_MODE_EXIT|false
15:27:35.20 (20454095)|CUMULATIVE_LIMIT_USAGE
15:27:35.20 (20454095)|LIMIT_USAGE_FOR_NS|(default)|
  Number of SOQL queries: 1 out of 100
  Number of query rows: 16 out of 50000
  Number of SOSL queries: 0 out of 20
  Number of DML statements: 0 out of 150
  Number of DML rows: 0 out of 10000
  Maximum CPU time: 0 out of 10000
  Maximum heap size: 0 out of 6000000
  Number of callouts: 0 out of 100
  Number of Email Invocations: 0 out of 10
  Number of future calls: 0 out of 50
  Number of queueable jobs added to the queue: 0 out of 50
  Number of Mobile Apex push calls: 0 out of 10

15:27:35.20 (20454095)|CUMULATIVE_LIMIT_USAGE_END

15:27:35.0 (20507537)|CODE_UNIT_FINISHED|projectTileController.getProjects()
15:27:35.0 (20682718)|CODE_UNIT_FINISHED|Aura
15:27:35.0 (21742659)|EXECUTION_FINISHED
