44.0 APEX_CODE,FINEST;APEX_PROFILING,INFO;CALLOUT,INFO;DB,INFO;NBA,INFO;SYSTEM,DEBUG;VALIDATION,INFO;VISUALFORCE,INFO;WAVE,INFO;WORKFLOW,INFO
15:22:21.0 (363639)|USER_INFO|[EXTERNAL]|0051U000000NOIC|rperez@altimetrik.com|Hora de Argentina|GMT-03:00
15:22:21.0 (397717)|EXECUTION_STARTED
15:22:21.0 (402878)|CODE_UNIT_STARTED|[EXTERNAL]|Aura
15:22:21.0 (2565469)|CODE_UNIT_STARTED|[EXTERNAL]|01p1U000002RkvZ|projectTileController.getCases(Project__c)
15:22:21.0 (2739458)|HEAP_ALLOCATE|[72]|Bytes:3
15:22:21.0 (2797650)|HEAP_ALLOCATE|[77]|Bytes:152
15:22:21.0 (2812314)|HEAP_ALLOCATE|[342]|Bytes:408
15:22:21.0 (2823187)|HEAP_ALLOCATE|[355]|Bytes:408
15:22:21.0 (2833727)|HEAP_ALLOCATE|[467]|Bytes:48
15:22:21.0 (2856951)|HEAP_ALLOCATE|[139]|Bytes:6
15:22:21.0 (2913899)|HEAP_ALLOCATE|[EXTERNAL]|Bytes:10
15:22:21.0 (2931031)|METHOD_ENTRY|[1]|01p1U000002RkvZ|projectTileController.projectTileController()
15:22:21.0 (2937028)|STATEMENT_EXECUTE|[1]
15:22:21.0 (2941670)|STATEMENT_EXECUTE|[1]
15:22:21.0 (2945563)|METHOD_EXIT|[1]|projectTileController
15:22:21.0 (2970104)|HEAP_ALLOCATE|[EXTERNAL]|Bytes:20
15:22:21.0 (2982966)|SYSTEM_MODE_ENTER|false
15:22:21.0 (2991120)|VARIABLE_SCOPE_BEGIN|[24]|project|Project__c|true|false
15:22:21.0 (3042497)|VARIABLE_ASSIGNMENT|[24]|project|{"Description__c":"lalalalallalaa","Id":"a011U000001pYFZQA2","Status__c":"Ongoing","Name":"test project 2"}|0x138480cc
15:22:21.0 (3055622)|STATEMENT_EXECUTE|[25]
15:22:21.0 (3058238)|STATEMENT_EXECUTE|[26]
15:22:21.0 (3067139)|HEAP_ALLOCATE|[26]|Bytes:193
15:22:21.0 (3088448)|HEAP_ALLOCATE|[26]|Bytes:4
15:22:21.0 (3100851)|HEAP_ALLOCATE|[26]|Bytes:7
15:22:21.0 (3170446)|HEAP_ALLOCATE|[50]|Bytes:5
15:22:21.0 (3193247)|HEAP_ALLOCATE|[56]|Bytes:5
15:22:21.0 (3199618)|HEAP_ALLOCATE|[64]|Bytes:7
15:22:21.0 (4188848)|SOQL_EXECUTE_BEGIN|[26]|Aggregations:0|SELECT Id, Name, Title__c, LastModifiedDate, Project__c, Description__c, Preconditions__c, User_Story__c FROM Test_Case__c WHERE Project__c = :tmpVar1 ORDER BY LastModifiedDate DESC NULLS FIRST
15:22:21.0 (8483842)|SOQL_EXECUTE_END|[26]|Rows:6
15:22:21.0 (8508612)|HEAP_ALLOCATE|[26]|Bytes:28
15:22:21.0 (8530078)|HEAP_ALLOCATE|[26]|Bytes:1156
15:22:21.0 (8623959)|HEAP_ALLOCATE|[26]|Bytes:28
15:22:21.0 (8643923)|SYSTEM_MODE_EXIT|false
15:22:21.8 (8677763)|CUMULATIVE_LIMIT_USAGE
15:22:21.8 (8677763)|LIMIT_USAGE_FOR_NS|(default)|
  Number of SOQL queries: 1 out of 100
  Number of query rows: 6 out of 50000
  Number of SOSL queries: 0 out of 20
  Number of DML statements: 0 out of 150
  Number of DML rows: 0 out of 10000
  Maximum CPU time: 0 out of 10000
  Maximum heap size: 0 out of 6000000
  Number of callouts: 0 out of 100
  Number of Email Invocations: 0 out of 10
  Number of future calls: 0 out of 50
  Number of queueable jobs added to the queue: 0 out of 50
  Number of Mobile Apex push calls: 0 out of 10

15:22:21.8 (8677763)|CUMULATIVE_LIMIT_USAGE_END

15:22:21.0 (8709528)|CODE_UNIT_FINISHED|projectTileController.getCases(Project__c)
15:22:21.0 (8861733)|CODE_UNIT_FINISHED|Aura
15:22:21.0 (10148696)|EXECUTION_FINISHED
