44.0 APEX_CODE,FINEST;APEX_PROFILING,INFO;CALLOUT,INFO;DB,INFO;NBA,INFO;SYSTEM,DEBUG;VALIDATION,INFO;VISUALFORCE,INFO;WAVE,INFO;WORKFLOW,INFO
16:47:26.0 (444841)|USER_INFO|[EXTERNAL]|0051U000000NOIC|rperez@altimetrik.com|Hora de Argentina|GMT-03:00
16:47:26.0 (506590)|EXECUTION_STARTED
16:47:26.0 (514194)|CODE_UNIT_STARTED|[EXTERNAL]|Aura
16:47:26.0 (1998553)|CODE_UNIT_STARTED|[EXTERNAL]|01p1U000002RkvZ|projectTileController.getProjects()
16:47:26.0 (2237093)|HEAP_ALLOCATE|[72]|Bytes:3
16:47:26.0 (2314491)|HEAP_ALLOCATE|[77]|Bytes:152
16:47:26.0 (2332715)|HEAP_ALLOCATE|[342]|Bytes:408
16:47:26.0 (2362331)|HEAP_ALLOCATE|[355]|Bytes:408
16:47:26.0 (2385019)|HEAP_ALLOCATE|[467]|Bytes:48
16:47:26.0 (2431331)|HEAP_ALLOCATE|[139]|Bytes:6
16:47:26.0 (2504542)|HEAP_ALLOCATE|[EXTERNAL]|Bytes:10
16:47:26.0 (2524394)|METHOD_ENTRY|[1]|01p1U000002RkvZ|projectTileController.projectTileController()
16:47:26.0 (2542258)|STATEMENT_EXECUTE|[1]
16:47:26.0 (2551651)|STATEMENT_EXECUTE|[1]
16:47:26.0 (2557771)|METHOD_EXIT|[1]|projectTileController
16:47:26.0 (2578536)|SYSTEM_MODE_ENTER|false
16:47:26.0 (2589979)|STATEMENT_EXECUTE|[3]
16:47:26.0 (2594154)|STATEMENT_EXECUTE|[4]
16:47:26.0 (2629843)|HEAP_ALLOCATE|[4]|Bytes:4
16:47:26.0 (2712046)|HEAP_ALLOCATE|[5]|Bytes:2
16:47:26.0 (2725970)|HEAP_ALLOCATE|[5]|Bytes:4
16:47:26.0 (2735262)|HEAP_ALLOCATE|[5]|Bytes:9
16:47:26.0 (2747290)|VARIABLE_SCOPE_BEGIN|[4]|fieldsToCheck|List<String>|true|false
16:47:26.0 (2792884)|HEAP_ALLOCATE|[EXTERNAL]|Bytes:16
16:47:26.0 (2840093)|VARIABLE_ASSIGNMENT|[4]|fieldsToCheck|["Id","Name","Status__c"]|0x5029e734
16:47:26.0 (2849333)|STATEMENT_EXECUTE|[8]
16:47:26.0 (2857262)|HEAP_ALLOCATE|[9]|Bytes:10
16:47:26.0 (2916625)|HEAP_ALLOCATE|[50]|Bytes:5
16:47:26.0 (2944187)|HEAP_ALLOCATE|[56]|Bytes:5
16:47:26.0 (2953218)|HEAP_ALLOCATE|[64]|Bytes:7
16:47:26.0 (63883339)|HEAP_ALLOCATE|[9]|Bytes:4
16:47:26.0 (64285523)|HEAP_ALLOCATE|[9]|Bytes:56
16:47:26.0 (64307316)|VARIABLE_SCOPE_BEGIN|[8]|fieldDescribeTokens|Map<String,Schema.SObjectField>|true|false
16:47:26.0 (64831057)|VARIABLE_ASSIGNMENT|[8]|fieldDescribeTokens|"{createdbyid=CreatedById, createddate=CreatedDate, description__c=Description__c, id=Id, isdeleted=IsDeleted, lastmodifiedbyid=LastModifiedById, lastmodifieddate=LastModifiedDate, lastreferenceddate=LastReferencedDate, lastvieweddate=LastViewedDate, name=Name, ...}"|0x37746c4f
16:47:26.0 (64999008)|HEAP_ALLOCATE|[11]|Bytes:5
16:47:26.0 (65023265)|HEAP_ALLOCATE|[11]|Bytes:2
16:47:26.0 (65035635)|VARIABLE_SCOPE_BEGIN|[11]|field|String|false|false
16:47:26.0 (65055513)|VARIABLE_ASSIGNMENT|[11]|field|"Id"
16:47:26.0 (65063338)|STATEMENT_EXECUTE|[11]
16:47:26.0 (65338630)|HEAP_ALLOCATE|[EXTERNAL]|Bytes:4
16:47:26.0 (65410934)|HEAP_ALLOCATE|[12]|Bytes:8
16:47:26.0 (65452566)|STATEMENT_EXECUTE|[12]
16:47:26.0 (65468377)|HEAP_ALLOCATE|[11]|Bytes:5
16:47:26.0 (65479114)|HEAP_ALLOCATE|[11]|Bytes:4
16:47:26.0 (65489002)|VARIABLE_SCOPE_BEGIN|[11]|field|String|false|false
16:47:26.0 (65506601)|VARIABLE_ASSIGNMENT|[11]|field|"Name"
16:47:26.0 (65513740)|STATEMENT_EXECUTE|[11]
16:47:26.0 (65657964)|HEAP_ALLOCATE|[EXTERNAL]|Bytes:4
16:47:26.0 (65697121)|HEAP_ALLOCATE|[12]|Bytes:8
16:47:26.0 (65718791)|STATEMENT_EXECUTE|[12]
16:47:26.0 (65732934)|HEAP_ALLOCATE|[11]|Bytes:5
16:47:26.0 (65745426)|HEAP_ALLOCATE|[11]|Bytes:9
16:47:26.0 (65754686)|VARIABLE_SCOPE_BEGIN|[11]|field|String|false|false
16:47:26.0 (65771018)|VARIABLE_ASSIGNMENT|[11]|field|"Status__c"
16:47:26.0 (65777674)|STATEMENT_EXECUTE|[11]
16:47:26.0 (66236210)|HEAP_ALLOCATE|[EXTERNAL]|Bytes:4
16:47:26.0 (66270375)|HEAP_ALLOCATE|[12]|Bytes:8
16:47:26.0 (66292022)|STATEMENT_EXECUTE|[12]
16:47:26.0 (66306162)|HEAP_ALLOCATE|[11]|Bytes:5
16:47:26.0 (66325576)|VARIABLE_ASSIGNMENT|[11]|field|null
16:47:26.0 (66332450)|STATEMENT_EXECUTE|[17]
16:47:26.0 (66338684)|HEAP_ALLOCATE|[17]|Bytes:86
16:47:26.0 (66362851)|HEAP_ALLOCATE|[17]|Bytes:4
16:47:26.0 (66697507)|SOQL_EXECUTE_BEGIN|[17]|Aggregations:0|SELECT Id, Name, Status__c, Description__c FROM Project__c WHERE Status__c = 'Ongoing'
16:47:26.0 (72065393)|SOQL_EXECUTE_END|[17]|Rows:16
16:47:26.0 (72098567)|HEAP_ALLOCATE|[17]|Bytes:68
16:47:26.0 (72145609)|HEAP_ALLOCATE|[17]|Bytes:1173
16:47:26.0 (72224264)|HEAP_ALLOCATE|[17]|Bytes:68
16:47:26.0 (72244931)|SYSTEM_MODE_EXIT|false
16:47:26.72 (72278438)|CUMULATIVE_LIMIT_USAGE
16:47:26.72 (72278438)|LIMIT_USAGE_FOR_NS|(default)|
  Number of SOQL queries: 1 out of 100
  Number of query rows: 16 out of 50000
  Number of SOSL queries: 0 out of 20
  Number of DML statements: 0 out of 150
  Number of DML rows: 0 out of 10000
  Maximum CPU time: 0 out of 10000
  Maximum heap size: 0 out of 6000000
  Number of callouts: 0 out of 100
  Number of Email Invocations: 0 out of 10
  Number of future calls: 0 out of 50
  Number of queueable jobs added to the queue: 0 out of 50
  Number of Mobile Apex push calls: 0 out of 10

16:47:26.72 (72278438)|CUMULATIVE_LIMIT_USAGE_END

16:47:26.0 (72334638)|CODE_UNIT_FINISHED|projectTileController.getProjects()
16:47:26.0 (72495851)|CODE_UNIT_FINISHED|Aura
16:47:26.0 (73655075)|EXECUTION_FINISHED
