44.0 APEX_CODE,FINEST;APEX_PROFILING,INFO;CALLOUT,INFO;DB,INFO;NBA,INFO;SYSTEM,DEBUG;VALIDATION,INFO;VISUALFORCE,INFO;WAVE,INFO;WORKFLOW,INFO
15:04:38.0 (96489)|USER_INFO|[EXTERNAL]|0051U000000NOIC|rperez@altimetrik.com|Hora de Argentina|GMT-03:00
15:04:38.0 (134793)|EXECUTION_STARTED
15:04:38.0 (140025)|CODE_UNIT_STARTED|[EXTERNAL]|Aura
15:04:38.0 (1187081)|CODE_UNIT_STARTED|[EXTERNAL]|01p1U000002RkvZ|projectTileController.getProjects()
15:04:38.0 (1379016)|HEAP_ALLOCATE|[72]|Bytes:3
15:04:38.0 (1433626)|HEAP_ALLOCATE|[77]|Bytes:152
15:04:38.0 (1448623)|HEAP_ALLOCATE|[342]|Bytes:408
15:04:38.0 (1462176)|HEAP_ALLOCATE|[355]|Bytes:408
15:04:38.0 (1475633)|HEAP_ALLOCATE|[467]|Bytes:48
15:04:38.0 (1500574)|HEAP_ALLOCATE|[139]|Bytes:6
15:04:38.0 (1563473)|HEAP_ALLOCATE|[EXTERNAL]|Bytes:10
15:04:38.0 (1577157)|METHOD_ENTRY|[1]|01p1U000002RkvZ|projectTileController.projectTileController()
15:04:38.0 (1584538)|STATEMENT_EXECUTE|[1]
15:04:38.0 (1591831)|STATEMENT_EXECUTE|[1]
15:04:38.0 (1596260)|METHOD_EXIT|[1]|projectTileController
15:04:38.0 (1610937)|SYSTEM_MODE_ENTER|false
15:04:38.0 (1622040)|STATEMENT_EXECUTE|[3]
15:04:38.0 (1624213)|STATEMENT_EXECUTE|[4]
15:04:38.0 (1661548)|HEAP_ALLOCATE|[4]|Bytes:4
15:04:38.0 (1703537)|HEAP_ALLOCATE|[5]|Bytes:2
15:04:38.0 (1715260)|HEAP_ALLOCATE|[5]|Bytes:4
15:04:38.0 (1722429)|HEAP_ALLOCATE|[5]|Bytes:9
15:04:38.0 (1728773)|VARIABLE_SCOPE_BEGIN|[4]|fieldsToCheck|List<String>|true|false
15:04:38.0 (1769092)|HEAP_ALLOCATE|[EXTERNAL]|Bytes:16
15:04:38.0 (1800944)|VARIABLE_ASSIGNMENT|[4]|fieldsToCheck|["Id","Name","Status__c"]|0x387d9a51
15:04:38.0 (1811824)|STATEMENT_EXECUTE|[8]
15:04:38.0 (1816991)|HEAP_ALLOCATE|[9]|Bytes:10
15:04:38.0 (1880796)|HEAP_ALLOCATE|[50]|Bytes:5
15:04:38.0 (1912988)|HEAP_ALLOCATE|[56]|Bytes:5
15:04:38.0 (1929701)|HEAP_ALLOCATE|[64]|Bytes:7
15:04:38.0 (21067696)|HEAP_ALLOCATE|[9]|Bytes:4
15:04:38.0 (21596384)|HEAP_ALLOCATE|[9]|Bytes:56
15:04:38.0 (21623972)|VARIABLE_SCOPE_BEGIN|[8]|fieldDescribeTokens|Map<String,Schema.SObjectField>|true|false
15:04:38.0 (22191371)|VARIABLE_ASSIGNMENT|[8]|fieldDescribeTokens|"{createdbyid=CreatedById, createddate=CreatedDate, description__c=Description__c, id=Id, isdeleted=IsDeleted, lastmodifiedbyid=LastModifiedById, lastmodifieddate=LastModifiedDate, lastreferenceddate=LastReferencedDate, lastvieweddate=LastViewedDate, name=Name, ...}"|0x27e93344
15:04:38.0 (22377957)|HEAP_ALLOCATE|[11]|Bytes:5
15:04:38.0 (22405920)|HEAP_ALLOCATE|[11]|Bytes:2
15:04:38.0 (22424351)|VARIABLE_SCOPE_BEGIN|[11]|field|String|false|false
15:04:38.0 (22449871)|VARIABLE_ASSIGNMENT|[11]|field|"Id"
15:04:38.0 (22461234)|STATEMENT_EXECUTE|[11]
15:04:38.0 (22794244)|HEAP_ALLOCATE|[EXTERNAL]|Bytes:4
15:04:38.0 (22902441)|HEAP_ALLOCATE|[12]|Bytes:8
15:04:38.0 (22943042)|STATEMENT_EXECUTE|[12]
15:04:38.0 (22971060)|HEAP_ALLOCATE|[11]|Bytes:5
15:04:38.0 (22986551)|HEAP_ALLOCATE|[11]|Bytes:4
15:04:38.0 (23000557)|VARIABLE_SCOPE_BEGIN|[11]|field|String|false|false
15:04:38.0 (23024686)|VARIABLE_ASSIGNMENT|[11]|field|"Name"
15:04:38.0 (23036011)|STATEMENT_EXECUTE|[11]
15:04:38.0 (23205473)|HEAP_ALLOCATE|[EXTERNAL]|Bytes:4
15:04:38.0 (23240438)|HEAP_ALLOCATE|[12]|Bytes:8
15:04:38.0 (23259623)|STATEMENT_EXECUTE|[12]
15:04:38.0 (23273486)|HEAP_ALLOCATE|[11]|Bytes:5
15:04:38.0 (23288655)|HEAP_ALLOCATE|[11]|Bytes:9
15:04:38.0 (23300372)|VARIABLE_SCOPE_BEGIN|[11]|field|String|false|false
15:04:38.0 (23321015)|VARIABLE_ASSIGNMENT|[11]|field|"Status__c"
15:04:38.0 (23330563)|STATEMENT_EXECUTE|[11]
15:04:38.0 (23855485)|HEAP_ALLOCATE|[EXTERNAL]|Bytes:4
15:04:38.0 (23897603)|HEAP_ALLOCATE|[12]|Bytes:8
15:04:38.0 (23924075)|STATEMENT_EXECUTE|[12]
15:04:38.0 (23943424)|HEAP_ALLOCATE|[11]|Bytes:5
15:04:38.0 (23965714)|VARIABLE_ASSIGNMENT|[11]|field|null
15:04:38.0 (23976284)|STATEMENT_EXECUTE|[17]
15:04:38.0 (23982965)|HEAP_ALLOCATE|[17]|Bytes:86
15:04:38.0 (24014338)|HEAP_ALLOCATE|[17]|Bytes:4
15:04:38.0 (24372233)|SOQL_EXECUTE_BEGIN|[17]|Aggregations:0|SELECT Id, Name, Status__c, Description__c FROM Project__c WHERE Status__c = 'Ongoing'
15:04:38.0 (29062961)|SOQL_EXECUTE_END|[17]|Rows:16
15:04:38.0 (29095560)|HEAP_ALLOCATE|[17]|Bytes:68
15:04:38.0 (29138071)|HEAP_ALLOCATE|[17]|Bytes:1173
15:04:38.0 (29214660)|HEAP_ALLOCATE|[17]|Bytes:68
15:04:38.0 (29234045)|SYSTEM_MODE_EXIT|false
15:04:38.29 (29261946)|CUMULATIVE_LIMIT_USAGE
15:04:38.29 (29261946)|LIMIT_USAGE_FOR_NS|(default)|
  Number of SOQL queries: 1 out of 100
  Number of query rows: 16 out of 50000
  Number of SOSL queries: 0 out of 20
  Number of DML statements: 0 out of 150
  Number of DML rows: 0 out of 10000
  Maximum CPU time: 0 out of 10000
  Maximum heap size: 0 out of 6000000
  Number of callouts: 0 out of 100
  Number of Email Invocations: 0 out of 10
  Number of future calls: 0 out of 50
  Number of queueable jobs added to the queue: 0 out of 50
  Number of Mobile Apex push calls: 0 out of 10

15:04:38.29 (29261946)|CUMULATIVE_LIMIT_USAGE_END

15:04:38.0 (29316983)|CODE_UNIT_FINISHED|projectTileController.getProjects()
15:04:38.0 (29476390)|CODE_UNIT_FINISHED|Aura
15:04:38.0 (30670949)|EXECUTION_FINISHED
