44.0 APEX_CODE,FINEST;APEX_PROFILING,INFO;CALLOUT,INFO;DB,INFO;NBA,INFO;SYSTEM,DEBUG;VALIDATION,INFO;VISUALFORCE,INFO;WAVE,INFO;WORKFLOW,INFO
15:04:40.0 (103917)|USER_INFO|[EXTERNAL]|0051U000000NOIC|rperez@altimetrik.com|Hora de Argentina|GMT-03:00
15:04:40.0 (143848)|EXECUTION_STARTED
15:04:40.0 (150086)|CODE_UNIT_STARTED|[EXTERNAL]|Aura
15:04:40.0 (1593926)|CODE_UNIT_STARTED|[EXTERNAL]|01p1U000002RkvZ|projectTileController.getCases(Project__c)
15:04:40.0 (1834574)|HEAP_ALLOCATE|[72]|Bytes:3
15:04:40.0 (1899475)|HEAP_ALLOCATE|[77]|Bytes:152
15:04:40.0 (1915376)|HEAP_ALLOCATE|[342]|Bytes:408
15:04:40.0 (1928971)|HEAP_ALLOCATE|[355]|Bytes:408
15:04:40.0 (1941623)|HEAP_ALLOCATE|[467]|Bytes:48
15:04:40.0 (1972039)|HEAP_ALLOCATE|[139]|Bytes:6
15:04:40.0 (2066447)|HEAP_ALLOCATE|[EXTERNAL]|Bytes:10
15:04:40.0 (2082343)|METHOD_ENTRY|[1]|01p1U000002RkvZ|projectTileController.projectTileController()
15:04:40.0 (2091746)|STATEMENT_EXECUTE|[1]
15:04:40.0 (2098078)|STATEMENT_EXECUTE|[1]
15:04:40.0 (2103879)|METHOD_EXIT|[1]|projectTileController
15:04:40.0 (2124996)|HEAP_ALLOCATE|[EXTERNAL]|Bytes:20
15:04:40.0 (2138462)|SYSTEM_MODE_ENTER|false
15:04:40.0 (2148542)|VARIABLE_SCOPE_BEGIN|[24]|project|Project__c|true|false
15:04:40.0 (2197582)|VARIABLE_ASSIGNMENT|[24]|project|{"Description__c":"lalalalallalaa","Id":"a011U000001pYFZQA2","Status__c":"Ongoing","Name":"test project 2"}|0x5911cf1
15:04:40.0 (2213561)|STATEMENT_EXECUTE|[25]
15:04:40.0 (2216059)|STATEMENT_EXECUTE|[26]
15:04:40.0 (2220146)|HEAP_ALLOCATE|[26]|Bytes:193
15:04:40.0 (2245092)|HEAP_ALLOCATE|[26]|Bytes:4
15:04:40.0 (2264203)|HEAP_ALLOCATE|[26]|Bytes:7
15:04:40.0 (2395266)|HEAP_ALLOCATE|[50]|Bytes:5
15:04:40.0 (2428253)|HEAP_ALLOCATE|[56]|Bytes:5
15:04:40.0 (2436502)|HEAP_ALLOCATE|[64]|Bytes:7
15:04:40.0 (2928240)|SOQL_EXECUTE_BEGIN|[26]|Aggregations:0|SELECT Id, Name, Title__c, LastModifiedDate, Project__c, Description__c, Preconditions__c, User_Story__c FROM Test_Case__c WHERE Project__c = :tmpVar1 ORDER BY LastModifiedDate DESC NULLS FIRST
15:04:40.0 (7209154)|SOQL_EXECUTE_END|[26]|Rows:6
15:04:40.0 (7241149)|HEAP_ALLOCATE|[26]|Bytes:28
15:04:40.0 (7265059)|HEAP_ALLOCATE|[26]|Bytes:1156
15:04:40.0 (7395887)|HEAP_ALLOCATE|[26]|Bytes:28
15:04:40.0 (7416972)|SYSTEM_MODE_EXIT|false
15:04:40.7 (7441925)|CUMULATIVE_LIMIT_USAGE
15:04:40.7 (7441925)|LIMIT_USAGE_FOR_NS|(default)|
  Number of SOQL queries: 1 out of 100
  Number of query rows: 6 out of 50000
  Number of SOSL queries: 0 out of 20
  Number of DML statements: 0 out of 150
  Number of DML rows: 0 out of 10000
  Maximum CPU time: 0 out of 10000
  Maximum heap size: 0 out of 6000000
  Number of callouts: 0 out of 100
  Number of Email Invocations: 0 out of 10
  Number of future calls: 0 out of 50
  Number of queueable jobs added to the queue: 0 out of 50
  Number of Mobile Apex push calls: 0 out of 10

15:04:40.7 (7441925)|CUMULATIVE_LIMIT_USAGE_END

15:04:40.0 (7480627)|CODE_UNIT_FINISHED|projectTileController.getCases(Project__c)
15:04:40.0 (7665900)|CODE_UNIT_FINISHED|Aura
15:04:40.0 (8675223)|EXECUTION_FINISHED
