44.0 APEX_CODE,FINEST;APEX_PROFILING,INFO;CALLOUT,INFO;DB,INFO;NBA,INFO;SYSTEM,DEBUG;VALIDATION,INFO;VISUALFORCE,INFO;WAVE,INFO;WORKFLOW,INFO
17:24:44.0 (537859)|USER_INFO|[EXTERNAL]|0051U000000NOIC|rperez@altimetrik.com|Hora de Argentina|GMT-03:00
17:24:44.0 (588686)|EXECUTION_STARTED
17:24:44.0 (596052)|CODE_UNIT_STARTED|[EXTERNAL]|Aura
17:24:44.0 (1741541)|HEAP_ALLOCATE|[72]|Bytes:3
17:24:44.0 (1806588)|HEAP_ALLOCATE|[77]|Bytes:152
17:24:44.0 (1822508)|HEAP_ALLOCATE|[342]|Bytes:408
17:24:44.0 (1835737)|HEAP_ALLOCATE|[355]|Bytes:408
17:24:44.0 (1848374)|HEAP_ALLOCATE|[467]|Bytes:48
17:24:44.0 (1873439)|HEAP_ALLOCATE|[139]|Bytes:6
17:24:44.0 (1888524)|HEAP_ALLOCATE|[EXTERNAL]|Bytes:18
17:24:44.0 (1908955)|HEAP_ALLOCATE|[EXTERNAL]|Bytes:4
17:24:44.0 (2591446)|CODE_UNIT_STARTED|[EXTERNAL]|01p1U000003SMyj|testCaseStepsController.getSteps(Id)
17:24:44.0 (2764433)|HEAP_ALLOCATE|[EXTERNAL]|Bytes:1
17:24:44.0 (2788312)|METHOD_ENTRY|[1]|01p1U000003SMyj|testCaseStepsController.testCaseStepsController()
17:24:44.0 (2797453)|STATEMENT_EXECUTE|[1]
17:24:44.0 (2806000)|STATEMENT_EXECUTE|[1]
17:24:44.0 (2811068)|METHOD_EXIT|[1]|testCaseStepsController
17:24:44.0 (2818540)|HEAP_ALLOCATE|[EXTERNAL]|Bytes:4
17:24:44.0 (2832260)|SYSTEM_MODE_ENTER|false
17:24:44.0 (2848267)|VARIABLE_SCOPE_BEGIN|[3]|recordCase|Id|false|false
17:24:44.0 (3180048)|VARIABLE_ASSIGNMENT|[3]|recordCase|"a001U000000rj7fQAA"
17:24:44.0 (3195548)|STATEMENT_EXECUTE|[4]
17:24:44.0 (3198187)|STATEMENT_EXECUTE|[5]
17:24:44.0 (3203479)|HEAP_ALLOCATE|[5]|Bytes:82
17:24:44.0 (3230431)|HEAP_ALLOCATE|[5]|Bytes:4
17:24:44.0 (3244755)|HEAP_ALLOCATE|[5]|Bytes:7
17:24:44.0 (3315307)|HEAP_ALLOCATE|[50]|Bytes:5
17:24:44.0 (3345002)|HEAP_ALLOCATE|[56]|Bytes:5
17:24:44.0 (3352413)|HEAP_ALLOCATE|[64]|Bytes:7
17:24:44.0 (3814853)|SOQL_EXECUTE_BEGIN|[5]|Aggregations:0|SELECT Id, Name, Test_Case__c FROM Test_Case_Step__c WHERE Test_Case__c = :tmpVar1
17:24:44.0 (14646760)|SOQL_EXECUTE_END|[5]|Rows:0
17:24:44.0 (14681272)|HEAP_ALLOCATE|[5]|Bytes:4
17:24:44.0 (14697478)|HEAP_ALLOCATE|[5]|Bytes:0
17:24:44.0 (14746921)|HEAP_ALLOCATE|[5]|Bytes:4
17:24:44.0 (14764335)|SYSTEM_MODE_EXIT|false
17:24:44.14 (14796775)|CUMULATIVE_LIMIT_USAGE
17:24:44.14 (14796775)|LIMIT_USAGE_FOR_NS|(default)|
  Number of SOQL queries: 1 out of 100
  Number of query rows: 0 out of 50000
  Number of SOSL queries: 0 out of 20
  Number of DML statements: 0 out of 150
  Number of DML rows: 0 out of 10000
  Maximum CPU time: 0 out of 10000
  Maximum heap size: 0 out of 6000000
  Number of callouts: 0 out of 100
  Number of Email Invocations: 0 out of 10
  Number of future calls: 0 out of 50
  Number of queueable jobs added to the queue: 0 out of 50
  Number of Mobile Apex push calls: 0 out of 10

17:24:44.14 (14796775)|CUMULATIVE_LIMIT_USAGE_END

17:24:44.0 (14846588)|CODE_UNIT_FINISHED|testCaseStepsController.getSteps(Id)
17:24:44.0 (14915919)|CODE_UNIT_FINISHED|Aura
17:24:44.0 (15927905)|EXECUTION_FINISHED
