44.0 APEX_CODE,FINEST;APEX_PROFILING,INFO;CALLOUT,INFO;DB,INFO;NBA,INFO;SYSTEM,DEBUG;VALIDATION,INFO;VISUALFORCE,INFO;WAVE,INFO;WORKFLOW,INFO
17:28:59.0 (108837)|USER_INFO|[EXTERNAL]|0051U000000NOIC|rperez@altimetrik.com|Hora de Argentina|GMT-03:00
17:28:59.0 (149515)|EXECUTION_STARTED
17:28:59.0 (155861)|CODE_UNIT_STARTED|[EXTERNAL]|Aura
17:28:59.0 (1633945)|CODE_UNIT_STARTED|[EXTERNAL]|01p1U000003SMyj|testCaseStepsController.getSteps(Test_Case__c)
17:28:59.0 (1889198)|HEAP_ALLOCATE|[72]|Bytes:3
17:28:59.0 (1961022)|HEAP_ALLOCATE|[77]|Bytes:152
17:28:59.0 (1983346)|HEAP_ALLOCATE|[342]|Bytes:408
17:28:59.0 (2006674)|HEAP_ALLOCATE|[355]|Bytes:408
17:28:59.0 (2028833)|HEAP_ALLOCATE|[467]|Bytes:48
17:28:59.0 (2065196)|HEAP_ALLOCATE|[139]|Bytes:6
17:28:59.0 (2146825)|HEAP_ALLOCATE|[EXTERNAL]|Bytes:1
17:28:59.0 (2164447)|METHOD_ENTRY|[1]|01p1U000003SMyj|testCaseStepsController.testCaseStepsController()
17:28:59.0 (2176949)|STATEMENT_EXECUTE|[1]
17:28:59.0 (2183204)|STATEMENT_EXECUTE|[1]
17:28:59.0 (2188767)|METHOD_EXIT|[1]|testCaseStepsController
17:28:59.0 (2209167)|SYSTEM_MODE_ENTER|false
17:28:59.0 (2218921)|VARIABLE_SCOPE_BEGIN|[3]|recordCase|Test_Case__c|true|false
17:28:59.0 (2255518)|VARIABLE_ASSIGNMENT|[3]|recordCase|null|
17:28:59.0 (2271372)|STATEMENT_EXECUTE|[4]
17:28:59.0 (2274491)|STATEMENT_EXECUTE|[5]
17:28:59.0 (2281564)|HEAP_ALLOCATE|[5]|Bytes:82
17:28:59.0 (2314011)|HEAP_ALLOCATE|[5]|Bytes:4
17:28:59.0 (2331558)|HEAP_ALLOCATE|[5]|Bytes:7
17:28:59.0 (2425391)|HEAP_ALLOCATE|[50]|Bytes:5
17:28:59.0 (2461270)|HEAP_ALLOCATE|[56]|Bytes:5
17:28:59.0 (2474806)|HEAP_ALLOCATE|[64]|Bytes:7
17:28:59.0 (2547932)|EXCEPTION_THROWN|[5]|System.NullPointerException: Attempt to de-reference a null object
17:28:59.0 (2824703)|HEAP_ALLOCATE|[5]|Bytes:41
17:28:59.0 (2958891)|FATAL_ERROR|System.NullPointerException: Attempt to de-reference a null object

Class.testCaseStepsController.getSteps: line 5, column 1
17:28:59.0 (2982720)|FATAL_ERROR|System.NullPointerException: Attempt to de-reference a null object

Class.testCaseStepsController.getSteps: line 5, column 1
17:28:59.2 (2991471)|CUMULATIVE_LIMIT_USAGE
17:28:59.2 (2991471)|LIMIT_USAGE_FOR_NS|(default)|
  Number of SOQL queries: 0 out of 100
  Number of query rows: 0 out of 50000
  Number of SOSL queries: 0 out of 20
  Number of DML statements: 0 out of 150
  Number of DML rows: 0 out of 10000
  Maximum CPU time: 0 out of 10000
  Maximum heap size: 0 out of 6000000
  Number of callouts: 0 out of 100
  Number of Email Invocations: 0 out of 10
  Number of future calls: 0 out of 50
  Number of queueable jobs added to the queue: 0 out of 50
  Number of Mobile Apex push calls: 0 out of 10

17:28:59.2 (2991471)|CUMULATIVE_LIMIT_USAGE_END

17:28:59.0 (3040772)|CODE_UNIT_FINISHED|testCaseStepsController.getSteps(Test_Case__c)
17:28:59.0 (7619439)|CODE_UNIT_FINISHED|Aura
17:28:59.0 (8719513)|EXECUTION_FINISHED
