44.0 APEX_CODE,FINEST;APEX_PROFILING,INFO;CALLOUT,INFO;DB,INFO;NBA,INFO;SYSTEM,DEBUG;VALIDATION,INFO;VISUALFORCE,INFO;WAVE,INFO;WORKFLOW,INFO
17:52:00.0 (528421)|USER_INFO|[EXTERNAL]|0051U000000NOIC|rperez@altimetrik.com|Hora de Argentina|GMT-03:00
17:52:00.0 (583696)|EXECUTION_STARTED
17:52:00.0 (592621)|CODE_UNIT_STARTED|[EXTERNAL]|Aura
17:52:00.0 (1616036)|HEAP_ALLOCATE|[72]|Bytes:3
17:52:00.0 (1695204)|HEAP_ALLOCATE|[77]|Bytes:152
17:52:00.0 (1710290)|HEAP_ALLOCATE|[342]|Bytes:408
17:52:00.0 (1723644)|HEAP_ALLOCATE|[355]|Bytes:408
17:52:00.0 (1736264)|HEAP_ALLOCATE|[467]|Bytes:48
17:52:00.0 (1770928)|HEAP_ALLOCATE|[139]|Bytes:6
17:52:00.0 (1786250)|HEAP_ALLOCATE|[EXTERNAL]|Bytes:18
17:52:00.0 (1812215)|HEAP_ALLOCATE|[EXTERNAL]|Bytes:4
17:52:00.0 (2604626)|CODE_UNIT_STARTED|[EXTERNAL]|01p1U000003SMyj|testCaseStepsController.getSteps(Id)
17:52:00.0 (2774431)|HEAP_ALLOCATE|[EXTERNAL]|Bytes:1
17:52:00.0 (2799849)|METHOD_ENTRY|[1]|01p1U000003SMyj|testCaseStepsController.testCaseStepsController()
17:52:00.0 (2814000)|STATEMENT_EXECUTE|[1]
17:52:00.0 (2823558)|STATEMENT_EXECUTE|[1]
17:52:00.0 (2830841)|METHOD_EXIT|[1]|testCaseStepsController
17:52:00.0 (2838855)|HEAP_ALLOCATE|[EXTERNAL]|Bytes:4
17:52:00.0 (2853687)|SYSTEM_MODE_ENTER|false
17:52:00.0 (2869677)|VARIABLE_SCOPE_BEGIN|[3]|recordCase|Id|false|false
17:52:00.0 (3201810)|VARIABLE_ASSIGNMENT|[3]|recordCase|"a001U000000rj7fQAA"
17:52:00.0 (3224749)|STATEMENT_EXECUTE|[4]
17:52:00.0 (3230868)|STATEMENT_EXECUTE|[5]
17:52:00.0 (3243947)|HEAP_ALLOCATE|[5]|Bytes:82
17:52:00.0 (3276339)|HEAP_ALLOCATE|[5]|Bytes:4
17:52:00.0 (3299318)|HEAP_ALLOCATE|[5]|Bytes:7
17:52:00.0 (3389391)|HEAP_ALLOCATE|[50]|Bytes:5
17:52:00.0 (3432006)|HEAP_ALLOCATE|[56]|Bytes:5
17:52:00.0 (3445116)|HEAP_ALLOCATE|[64]|Bytes:7
17:52:00.0 (4050992)|SOQL_EXECUTE_BEGIN|[5]|Aggregations:0|SELECT Id, Name, Test_Case__c FROM Test_Case_Step__c WHERE Test_Case__c = :tmpVar1
17:52:00.0 (6911399)|SOQL_EXECUTE_END|[5]|Rows:2
17:52:00.0 (6938860)|HEAP_ALLOCATE|[5]|Bytes:12
17:52:00.0 (6959661)|HEAP_ALLOCATE|[5]|Bytes:166
17:52:00.0 (7064261)|HEAP_ALLOCATE|[5]|Bytes:12
17:52:00.0 (7084417)|SYSTEM_MODE_EXIT|false
17:52:00.7 (7118790)|CUMULATIVE_LIMIT_USAGE
17:52:00.7 (7118790)|LIMIT_USAGE_FOR_NS|(default)|
  Number of SOQL queries: 1 out of 100
  Number of query rows: 2 out of 50000
  Number of SOSL queries: 0 out of 20
  Number of DML statements: 0 out of 150
  Number of DML rows: 0 out of 10000
  Maximum CPU time: 0 out of 10000
  Maximum heap size: 0 out of 6000000
  Number of callouts: 0 out of 100
  Number of Email Invocations: 0 out of 10
  Number of future calls: 0 out of 50
  Number of queueable jobs added to the queue: 0 out of 50
  Number of Mobile Apex push calls: 0 out of 10

17:52:00.7 (7118790)|CUMULATIVE_LIMIT_USAGE_END

17:52:00.0 (7160914)|CODE_UNIT_FINISHED|testCaseStepsController.getSteps(Id)
17:52:00.0 (7244748)|CODE_UNIT_FINISHED|Aura
17:52:00.0 (8188336)|EXECUTION_FINISHED
