44.0 APEX_CODE,FINEST;APEX_PROFILING,INFO;CALLOUT,INFO;DB,INFO;NBA,INFO;SYSTEM,DEBUG;VALIDATION,INFO;VISUALFORCE,INFO;WAVE,INFO;WORKFLOW,INFO
17:30:25.0 (108704)|USER_INFO|[EXTERNAL]|0051U000000NOIC|rperez@altimetrik.com|Hora de Argentina|GMT-03:00
17:30:25.0 (144326)|EXECUTION_STARTED
17:30:25.0 (149354)|CODE_UNIT_STARTED|[EXTERNAL]|Aura
17:30:25.0 (1593441)|CODE_UNIT_STARTED|[EXTERNAL]|01p1U000003SMyj|testCaseStepsController.getSteps(Test_Case__c)
17:30:25.0 (1800770)|HEAP_ALLOCATE|[72]|Bytes:3
17:30:25.0 (1857971)|HEAP_ALLOCATE|[77]|Bytes:152
17:30:25.0 (1872424)|HEAP_ALLOCATE|[342]|Bytes:408
17:30:25.0 (1884274)|HEAP_ALLOCATE|[355]|Bytes:408
17:30:25.0 (1895532)|HEAP_ALLOCATE|[467]|Bytes:48
17:30:25.0 (1919209)|HEAP_ALLOCATE|[139]|Bytes:6
17:30:25.0 (1984884)|HEAP_ALLOCATE|[EXTERNAL]|Bytes:1
17:30:25.0 (1999076)|METHOD_ENTRY|[1]|01p1U000003SMyj|testCaseStepsController.testCaseStepsController()
17:30:25.0 (2005814)|STATEMENT_EXECUTE|[1]
17:30:25.0 (2013388)|STATEMENT_EXECUTE|[1]
17:30:25.0 (2017559)|METHOD_EXIT|[1]|testCaseStepsController
17:30:25.0 (2032129)|SYSTEM_MODE_ENTER|false
17:30:25.0 (2041355)|VARIABLE_SCOPE_BEGIN|[3]|recordCase|Test_Case__c|true|false
17:30:25.0 (2064294)|VARIABLE_ASSIGNMENT|[3]|recordCase|null|
17:30:25.0 (2076603)|STATEMENT_EXECUTE|[4]
17:30:25.0 (2079141)|STATEMENT_EXECUTE|[5]
17:30:25.0 (2082796)|HEAP_ALLOCATE|[5]|Bytes:82
17:30:25.0 (2112761)|HEAP_ALLOCATE|[5]|Bytes:4
17:30:25.0 (2125522)|HEAP_ALLOCATE|[5]|Bytes:7
17:30:25.0 (2154580)|HEAP_ALLOCATE|[50]|Bytes:5
17:30:25.0 (2177029)|HEAP_ALLOCATE|[56]|Bytes:5
17:30:25.0 (2183903)|HEAP_ALLOCATE|[64]|Bytes:7
17:30:25.0 (2228623)|EXCEPTION_THROWN|[5]|System.NullPointerException: Attempt to de-reference a null object
17:30:25.0 (2393997)|HEAP_ALLOCATE|[5]|Bytes:41
17:30:25.0 (2473719)|FATAL_ERROR|System.NullPointerException: Attempt to de-reference a null object

Class.testCaseStepsController.getSteps: line 5, column 1
17:30:25.0 (2483196)|FATAL_ERROR|System.NullPointerException: Attempt to de-reference a null object

Class.testCaseStepsController.getSteps: line 5, column 1
17:30:25.2 (2487777)|CUMULATIVE_LIMIT_USAGE
17:30:25.2 (2487777)|LIMIT_USAGE_FOR_NS|(default)|
  Number of SOQL queries: 0 out of 100
  Number of query rows: 0 out of 50000
  Number of SOSL queries: 0 out of 20
  Number of DML statements: 0 out of 150
  Number of DML rows: 0 out of 10000
  Maximum CPU time: 0 out of 10000
  Maximum heap size: 0 out of 6000000
  Number of callouts: 0 out of 100
  Number of Email Invocations: 0 out of 10
  Number of future calls: 0 out of 50
  Number of queueable jobs added to the queue: 0 out of 50
  Number of Mobile Apex push calls: 0 out of 10

17:30:25.2 (2487777)|CUMULATIVE_LIMIT_USAGE_END

17:30:25.0 (2520113)|CODE_UNIT_FINISHED|testCaseStepsController.getSteps(Test_Case__c)
17:30:25.0 (6399194)|CODE_UNIT_FINISHED|Aura
17:30:25.0 (7412181)|EXECUTION_FINISHED
