44.0 APEX_CODE,FINEST;APEX_PROFILING,INFO;CALLOUT,INFO;DB,INFO;NBA,INFO;SYSTEM,DEBUG;VALIDATION,INFO;VISUALFORCE,INFO;WAVE,INFO;WORKFLOW,INFO
17:37:20.0 (146547)|USER_INFO|[EXTERNAL]|0051U000000NOIC|rperez@altimetrik.com|Hora de Argentina|GMT-03:00
17:37:20.0 (193689)|EXECUTION_STARTED
17:37:20.0 (201651)|CODE_UNIT_STARTED|[EXTERNAL]|Aura
17:37:20.0 (777278)|HEAP_ALLOCATE|[72]|Bytes:3
17:37:20.0 (847556)|HEAP_ALLOCATE|[77]|Bytes:152
17:37:20.0 (861515)|HEAP_ALLOCATE|[342]|Bytes:408
17:37:20.0 (873174)|HEAP_ALLOCATE|[355]|Bytes:408
17:37:20.0 (883965)|HEAP_ALLOCATE|[467]|Bytes:48
17:37:20.0 (909182)|HEAP_ALLOCATE|[139]|Bytes:6
17:37:20.0 (921911)|HEAP_ALLOCATE|[EXTERNAL]|Bytes:18
17:37:20.0 (936176)|HEAP_ALLOCATE|[EXTERNAL]|Bytes:4
17:37:20.0 (1625490)|CODE_UNIT_STARTED|[EXTERNAL]|01p1U000003SMyj|testCaseStepsController.getSteps(Id)
17:37:20.0 (1746775)|HEAP_ALLOCATE|[EXTERNAL]|Bytes:1
17:37:20.0 (1771258)|METHOD_ENTRY|[1]|01p1U000003SMyj|testCaseStepsController.testCaseStepsController()
17:37:20.0 (1781927)|STATEMENT_EXECUTE|[1]
17:37:20.0 (1791803)|STATEMENT_EXECUTE|[1]
17:37:20.0 (1798244)|METHOD_EXIT|[1]|testCaseStepsController
17:37:20.0 (1804464)|HEAP_ALLOCATE|[EXTERNAL]|Bytes:4
17:37:20.0 (1820669)|SYSTEM_MODE_ENTER|false
17:37:20.0 (1833890)|VARIABLE_SCOPE_BEGIN|[3]|recordCase|Id|false|false
17:37:20.0 (2130247)|VARIABLE_ASSIGNMENT|[3]|recordCase|"a001U000000rj7fQAA"
17:37:20.0 (2146652)|STATEMENT_EXECUTE|[4]
17:37:20.0 (2149383)|STATEMENT_EXECUTE|[5]
17:37:20.0 (2158939)|HEAP_ALLOCATE|[5]|Bytes:82
17:37:20.0 (2187501)|HEAP_ALLOCATE|[5]|Bytes:4
17:37:20.0 (2202567)|HEAP_ALLOCATE|[5]|Bytes:7
17:37:20.0 (2246693)|HEAP_ALLOCATE|[50]|Bytes:5
17:37:20.0 (2277914)|HEAP_ALLOCATE|[56]|Bytes:5
17:37:20.0 (2285257)|HEAP_ALLOCATE|[64]|Bytes:7
17:37:20.0 (2716210)|SOQL_EXECUTE_BEGIN|[5]|Aggregations:0|SELECT Id, Name, Test_Case__c FROM Test_Case_Step__c WHERE Test_Case__c = :tmpVar1
17:37:20.0 (5444144)|SOQL_EXECUTE_END|[5]|Rows:1
17:37:20.0 (5474120)|HEAP_ALLOCATE|[5]|Bytes:8
17:37:20.0 (5495212)|HEAP_ALLOCATE|[5]|Bytes:83
17:37:20.0 (5602068)|HEAP_ALLOCATE|[5]|Bytes:8
17:37:20.0 (5621987)|SYSTEM_MODE_EXIT|false
17:37:20.5 (5651842)|CUMULATIVE_LIMIT_USAGE
17:37:20.5 (5651842)|LIMIT_USAGE_FOR_NS|(default)|
  Number of SOQL queries: 1 out of 100
  Number of query rows: 1 out of 50000
  Number of SOSL queries: 0 out of 20
  Number of DML statements: 0 out of 150
  Number of DML rows: 0 out of 10000
  Maximum CPU time: 0 out of 10000
  Maximum heap size: 0 out of 6000000
  Number of callouts: 0 out of 100
  Number of Email Invocations: 0 out of 10
  Number of future calls: 0 out of 50
  Number of queueable jobs added to the queue: 0 out of 50
  Number of Mobile Apex push calls: 0 out of 10

17:37:20.5 (5651842)|CUMULATIVE_LIMIT_USAGE_END

17:37:20.0 (5698688)|CODE_UNIT_FINISHED|testCaseStepsController.getSteps(Id)
17:37:20.0 (5764124)|CODE_UNIT_FINISHED|Aura
17:37:20.0 (6745086)|EXECUTION_FINISHED
