44.0 APEX_CODE,FINEST;APEX_PROFILING,INFO;CALLOUT,INFO;DB,INFO;NBA,INFO;SYSTEM,DEBUG;VALIDATION,INFO;VISUALFORCE,INFO;WAVE,INFO;WORKFLOW,INFO
15:04:58.0 (115500)|USER_INFO|[EXTERNAL]|0051U000000NOIC|rperez@altimetrik.com|Hora de Argentina|GMT-03:00
15:04:58.0 (154925)|EXECUTION_STARTED
15:04:58.0 (161601)|CODE_UNIT_STARTED|[EXTERNAL]|Aura
15:04:58.0 (1201343)|CODE_UNIT_STARTED|[EXTERNAL]|01p1U000002RkvZ|projectTileController.getProjects()
15:04:58.0 (1407989)|HEAP_ALLOCATE|[72]|Bytes:3
15:04:58.0 (1464820)|HEAP_ALLOCATE|[77]|Bytes:152
15:04:58.0 (1480140)|HEAP_ALLOCATE|[342]|Bytes:408
15:04:58.0 (1493556)|HEAP_ALLOCATE|[355]|Bytes:408
15:04:58.0 (1504333)|HEAP_ALLOCATE|[467]|Bytes:48
15:04:58.0 (1532902)|HEAP_ALLOCATE|[139]|Bytes:6
15:04:58.0 (1615220)|HEAP_ALLOCATE|[EXTERNAL]|Bytes:10
15:04:58.0 (1643038)|METHOD_ENTRY|[1]|01p1U000002RkvZ|projectTileController.projectTileController()
15:04:58.0 (1651392)|STATEMENT_EXECUTE|[1]
15:04:58.0 (1657298)|STATEMENT_EXECUTE|[1]
15:04:58.0 (1661609)|METHOD_EXIT|[1]|projectTileController
15:04:58.0 (1676449)|SYSTEM_MODE_ENTER|false
15:04:58.0 (1692034)|STATEMENT_EXECUTE|[3]
15:04:58.0 (1694095)|STATEMENT_EXECUTE|[4]
15:04:58.0 (1732529)|HEAP_ALLOCATE|[4]|Bytes:4
15:04:58.0 (1781113)|HEAP_ALLOCATE|[5]|Bytes:2
15:04:58.0 (1792591)|HEAP_ALLOCATE|[5]|Bytes:4
15:04:58.0 (1797420)|HEAP_ALLOCATE|[5]|Bytes:9
15:04:58.0 (1804977)|VARIABLE_SCOPE_BEGIN|[4]|fieldsToCheck|List<String>|true|false
15:04:58.0 (1849895)|HEAP_ALLOCATE|[EXTERNAL]|Bytes:16
15:04:58.0 (1890184)|VARIABLE_ASSIGNMENT|[4]|fieldsToCheck|["Id","Name","Status__c"]|0x4fd21590
15:04:58.0 (1900022)|STATEMENT_EXECUTE|[8]
15:04:58.0 (1907824)|HEAP_ALLOCATE|[9]|Bytes:10
15:04:58.0 (1958073)|HEAP_ALLOCATE|[50]|Bytes:5
15:04:58.0 (1982766)|HEAP_ALLOCATE|[56]|Bytes:5
15:04:58.0 (1990777)|HEAP_ALLOCATE|[64]|Bytes:7
15:04:58.0 (12039070)|HEAP_ALLOCATE|[9]|Bytes:4
15:04:58.0 (12394398)|HEAP_ALLOCATE|[9]|Bytes:56
15:04:58.0 (12413648)|VARIABLE_SCOPE_BEGIN|[8]|fieldDescribeTokens|Map<String,Schema.SObjectField>|true|false
15:04:58.0 (12844331)|VARIABLE_ASSIGNMENT|[8]|fieldDescribeTokens|"{createdbyid=CreatedById, createddate=CreatedDate, description__c=Description__c, id=Id, isdeleted=IsDeleted, lastmodifiedbyid=LastModifiedById, lastmodifieddate=LastModifiedDate, lastreferenceddate=LastReferencedDate, lastvieweddate=LastViewedDate, name=Name, ...}"|0x25c5332f
15:04:58.0 (12993653)|HEAP_ALLOCATE|[11]|Bytes:5
15:04:58.0 (13014783)|HEAP_ALLOCATE|[11]|Bytes:2
15:04:58.0 (13027713)|VARIABLE_SCOPE_BEGIN|[11]|field|String|false|false
15:04:58.0 (13044056)|VARIABLE_ASSIGNMENT|[11]|field|"Id"
15:04:58.0 (13051301)|STATEMENT_EXECUTE|[11]
15:04:58.0 (13310624)|HEAP_ALLOCATE|[EXTERNAL]|Bytes:4
15:04:58.0 (13383357)|HEAP_ALLOCATE|[12]|Bytes:8
15:04:58.0 (13421536)|STATEMENT_EXECUTE|[12]
15:04:58.0 (13435296)|HEAP_ALLOCATE|[11]|Bytes:5
15:04:58.0 (13445963)|HEAP_ALLOCATE|[11]|Bytes:4
15:04:58.0 (13453593)|VARIABLE_SCOPE_BEGIN|[11]|field|String|false|false
15:04:58.0 (13470400)|VARIABLE_ASSIGNMENT|[11]|field|"Name"
15:04:58.0 (13476059)|STATEMENT_EXECUTE|[11]
15:04:58.0 (13598000)|HEAP_ALLOCATE|[EXTERNAL]|Bytes:4
15:04:58.0 (13618738)|HEAP_ALLOCATE|[12]|Bytes:8
15:04:58.0 (13632812)|STATEMENT_EXECUTE|[12]
15:04:58.0 (13642296)|HEAP_ALLOCATE|[11]|Bytes:5
15:04:58.0 (13651594)|HEAP_ALLOCATE|[11]|Bytes:9
15:04:58.0 (13660018)|VARIABLE_SCOPE_BEGIN|[11]|field|String|false|false
15:04:58.0 (13674170)|VARIABLE_ASSIGNMENT|[11]|field|"Status__c"
15:04:58.0 (13680285)|STATEMENT_EXECUTE|[11]
15:04:58.0 (14409318)|HEAP_ALLOCATE|[EXTERNAL]|Bytes:4
15:04:58.0 (14446137)|HEAP_ALLOCATE|[12]|Bytes:8
15:04:58.0 (14465441)|STATEMENT_EXECUTE|[12]
15:04:58.0 (14479993)|HEAP_ALLOCATE|[11]|Bytes:5
15:04:58.0 (14497347)|VARIABLE_ASSIGNMENT|[11]|field|null
15:04:58.0 (14504491)|STATEMENT_EXECUTE|[17]
15:04:58.0 (14515309)|HEAP_ALLOCATE|[17]|Bytes:86
15:04:58.0 (14541657)|HEAP_ALLOCATE|[17]|Bytes:4
15:04:58.0 (14839519)|SOQL_EXECUTE_BEGIN|[17]|Aggregations:0|SELECT Id, Name, Status__c, Description__c FROM Project__c WHERE Status__c = 'Ongoing'
15:04:58.0 (18654974)|SOQL_EXECUTE_END|[17]|Rows:16
15:04:58.0 (18681648)|HEAP_ALLOCATE|[17]|Bytes:68
15:04:58.0 (18724959)|HEAP_ALLOCATE|[17]|Bytes:1173
15:04:58.0 (18795893)|HEAP_ALLOCATE|[17]|Bytes:68
15:04:58.0 (18814386)|SYSTEM_MODE_EXIT|false
15:04:58.18 (18846722)|CUMULATIVE_LIMIT_USAGE
15:04:58.18 (18846722)|LIMIT_USAGE_FOR_NS|(default)|
  Number of SOQL queries: 1 out of 100
  Number of query rows: 16 out of 50000
  Number of SOSL queries: 0 out of 20
  Number of DML statements: 0 out of 150
  Number of DML rows: 0 out of 10000
  Maximum CPU time: 0 out of 10000
  Maximum heap size: 0 out of 6000000
  Number of callouts: 0 out of 100
  Number of Email Invocations: 0 out of 10
  Number of future calls: 0 out of 50
  Number of queueable jobs added to the queue: 0 out of 50
  Number of Mobile Apex push calls: 0 out of 10

15:04:58.18 (18846722)|CUMULATIVE_LIMIT_USAGE_END

15:04:58.0 (18883670)|CODE_UNIT_FINISHED|projectTileController.getProjects()
15:04:58.0 (19039468)|CODE_UNIT_FINISHED|Aura
15:04:58.0 (20100079)|EXECUTION_FINISHED
