44.0 APEX_CODE,FINEST;APEX_PROFILING,INFO;CALLOUT,INFO;DB,INFO;NBA,INFO;SYSTEM,DEBUG;VALIDATION,INFO;VISUALFORCE,INFO;WAVE,INFO;WORKFLOW,INFO
15:22:27.0 (88563)|USER_INFO|[EXTERNAL]|0051U000000NOIC|rperez@altimetrik.com|Hora de Argentina|GMT-03:00
15:22:27.0 (123261)|EXECUTION_STARTED
15:22:27.0 (128106)|CODE_UNIT_STARTED|[EXTERNAL]|Aura
15:22:27.0 (1439368)|CODE_UNIT_STARTED|[EXTERNAL]|01p1U000002RkvZ|projectTileController.getCases(Project__c)
15:22:27.0 (1646146)|HEAP_ALLOCATE|[72]|Bytes:3
15:22:27.0 (1698945)|HEAP_ALLOCATE|[77]|Bytes:152
15:22:27.0 (1717595)|HEAP_ALLOCATE|[342]|Bytes:408
15:22:27.0 (1729613)|HEAP_ALLOCATE|[355]|Bytes:408
15:22:27.0 (1741828)|HEAP_ALLOCATE|[467]|Bytes:48
15:22:27.0 (1765768)|HEAP_ALLOCATE|[139]|Bytes:6
15:22:27.0 (1832851)|HEAP_ALLOCATE|[EXTERNAL]|Bytes:10
15:22:27.0 (1845308)|METHOD_ENTRY|[1]|01p1U000002RkvZ|projectTileController.projectTileController()
15:22:27.0 (1852825)|STATEMENT_EXECUTE|[1]
15:22:27.0 (1859118)|STATEMENT_EXECUTE|[1]
15:22:27.0 (1862940)|METHOD_EXIT|[1]|projectTileController
15:22:27.0 (1881856)|HEAP_ALLOCATE|[EXTERNAL]|Bytes:16
15:22:27.0 (1892706)|SYSTEM_MODE_ENTER|false
15:22:27.0 (1906152)|VARIABLE_SCOPE_BEGIN|[24]|project|Project__c|true|false
15:22:27.0 (1949560)|VARIABLE_ASSIGNMENT|[24]|project|{"Id":"a011U000001pYWOQA2","Status__c":"Ongoing","Name":"test project 3"}|0x7cba8b41
15:22:27.0 (1963244)|STATEMENT_EXECUTE|[25]
15:22:27.0 (1965588)|STATEMENT_EXECUTE|[26]
15:22:27.0 (1969092)|HEAP_ALLOCATE|[26]|Bytes:193
15:22:27.0 (1993617)|HEAP_ALLOCATE|[26]|Bytes:4
15:22:27.0 (2005419)|HEAP_ALLOCATE|[26]|Bytes:7
15:22:27.0 (2101574)|HEAP_ALLOCATE|[50]|Bytes:5
15:22:27.0 (2127597)|HEAP_ALLOCATE|[56]|Bytes:5
15:22:27.0 (2136414)|HEAP_ALLOCATE|[64]|Bytes:7
15:22:27.0 (2634874)|SOQL_EXECUTE_BEGIN|[26]|Aggregations:0|SELECT Id, Name, Title__c, LastModifiedDate, Project__c, Description__c, Preconditions__c, User_Story__c FROM Test_Case__c WHERE Project__c = :tmpVar1 ORDER BY LastModifiedDate DESC NULLS FIRST
15:22:27.0 (6824252)|SOQL_EXECUTE_END|[26]|Rows:0
15:22:27.0 (6855872)|HEAP_ALLOCATE|[26]|Bytes:4
15:22:27.0 (6869323)|HEAP_ALLOCATE|[26]|Bytes:0
15:22:27.0 (6975941)|HEAP_ALLOCATE|[26]|Bytes:4
15:22:27.0 (6993176)|SYSTEM_MODE_EXIT|false
15:22:27.7 (7023572)|CUMULATIVE_LIMIT_USAGE
15:22:27.7 (7023572)|LIMIT_USAGE_FOR_NS|(default)|
  Number of SOQL queries: 1 out of 100
  Number of query rows: 0 out of 50000
  Number of SOSL queries: 0 out of 20
  Number of DML statements: 0 out of 150
  Number of DML rows: 0 out of 10000
  Maximum CPU time: 0 out of 10000
  Maximum heap size: 0 out of 6000000
  Number of callouts: 0 out of 100
  Number of Email Invocations: 0 out of 10
  Number of future calls: 0 out of 50
  Number of queueable jobs added to the queue: 0 out of 50
  Number of Mobile Apex push calls: 0 out of 10

15:22:27.7 (7023572)|CUMULATIVE_LIMIT_USAGE_END

15:22:27.0 (7058110)|CODE_UNIT_FINISHED|projectTileController.getCases(Project__c)
15:22:27.0 (7113864)|CODE_UNIT_FINISHED|Aura
15:22:27.0 (8107437)|EXECUTION_FINISHED
